./tasks/config.json
+++++ check_deps ...
system               - Linux
	 config: Linux workstation 5.15.133.1-microsoft-standard-WSL2 #1 SMP Thu Oct 5 21:02:42 UTC 2023 x86_64 x86_64 x86_64 GNU/Linux
gcc                  - installed
	version: gcc (Ubuntu 11.4.0-1ubuntu1~22.04) 11.4.0
python3              - installed
	version: Python 3.10.12
----- check_deps

+++++ make_build ...
----- make_build
+++++ running all tasks
'mpg123' must you install. Checker again must run. Bonus points may you lose!
			e.g. sudo apt-get install mpg123
			e.g. ./check




	+++++ running task sfl (100p) ...

		+++++ running test 00-sfl
			running test       ...
[F			running test       - OK
				stage time: 0:00:00.035715
			running check      ...
[F			running check      - OK
				stage time: 0:00:00.082965
			running valgrind   ...
[F			running valgrind   - OK
				stage time: 0:00:00.282029
		----- running test 00-sfl - grade 2/2

		+++++ running test 01-sfl
			running test       ...
[F			running test       - OK
				stage time: 0:00:00.013590
			running check      ...
[F			running check      - OK
				stage time: 0:00:00.069203
			running valgrind   ...
[F			running valgrind   - OK
				stage time: 0:00:00.267399
		----- running test 01-sfl - grade 2/2

		+++++ running test 02-sfl
			running test       ...
[F			running test       - OK
				stage time: 0:00:00.093368
			running check      ...
[F			running check      - WA: response #43 wrong: "Number of free calls: 3
" vs "Number of free calls: 2
"
				stage time: 0:00:00.076700
		----- running test 02-sfl - grade 0/2

		+++++ running test 03-sfl
			running test       ...
[F			running test       - OK
				stage time: 0:00:00.016687
			running check      ...
[F			running check      - OK
				stage time: 0:00:00.075246
			running valgrind   ...
[F			running valgrind   - OK
				stage time: 0:00:00.275033
		----- running test 03-sfl - grade 2/2

		+++++ running test 04-sfl
			running test       ...
[F			running test       - OK
				stage time: 0:00:00.008707
			running check      ...
[F			running check      - OK
				stage time: 0:00:00.067863
			running valgrind   ...
[F			running valgrind   - OK
				stage time: 0:00:00.262074
		----- running test 04-sfl - grade 2/2

		+++++ running test 05-sfl
			running test       ...
[F			running test       - OK
				stage time: 0:00:00.082206
			running check      ...
[F			running check      - WA: response #7 wrong: "Number of malloc calls: 1
" vs "Number of malloc calls: 0
"
				stage time: 0:00:00.081675
		----- running test 05-sfl - grade 0/2

		+++++ running test 06-sfl
			running test       ...
[F			running test       - OK
				stage time: 0:00:00.015730
			running check      ...
[F			running check      - WA: response #22 wrong: "Number of malloc calls: 3
" vs "Number of malloc calls: 2
"
				stage time: 0:00:00.086901
		----- running test 06-sfl - grade 0/2

		+++++ running test 07-sfl
			running test       ...
[F			running test       - OK
				stage time: 0:00:00.027478
			running check      ...
[F			running check      - OK
				stage time: 0:00:00.066798
			running valgrind   ...
[F			running valgrind   - OK
				stage time: 0:00:00.292658
		----- running test 07-sfl - grade 2/2

		+++++ running test 08-sfl
			running test       ...
[F			running test       - OK
				stage time: 0:00:00.013390
			running check      ...
[F			running check      - WA: response #9 wrong: "Number of free calls: 2
" vs "Number of free calls: 1
"
				stage time: 0:00:00.061885
		----- running test 08-sfl - grade 0/2

		+++++ running test 09-sfl
			running test       ...
[F			running test       - OK
				stage time: 0:00:00.007398
			running check      ...
[F			running check      - OK
				stage time: 0:00:00.075658
			running valgrind   ...
[F			running valgrind   - OK
				stage time: 0:00:00.262797
		----- running test 09-sfl - grade 2/2

		+++++ running test 10-sfl
			running test       ...
[F			running test       - OK
				stage time: 0:00:00.013484
			running check      ...
[F			running check      - WA: wrong number of lines: 31 vs 29
				stage time: 0:00:00.064263
		----- running test 10-sfl - grade 0/3.1

		+++++ running test 11-sfl
			running test       ...
[F			running test       - OK
				stage time: 0:00:00.016121
			running check      ...
[F			running check      - WA: wrong number of lines: 30 vs 28
				stage time: 0:00:00.078696
		----- running test 11-sfl - grade 0/3.1

		+++++ running test 12-sfl
			running test       ...
[F			running test       - OK
				stage time: 0:00:00.012699
			running check      ...
[F			running check      - WA: wrong number of lines: 15 vs 14
				stage time: 0:00:00.071460
		----- running test 12-sfl - grade 0/3.1

		+++++ running test 13-sfl
			running test       ...
[F			running test       - OK
				stage time: 0:00:00.010580
			running check      ...
[F			running check      - WA: wrong number of lines: 15 vs 14
				stage time: 0:00:00.068082
		----- running test 13-sfl - grade 0/3.1

		+++++ running test 14-sfl
			running test       ...
[F			running test       - OK
				stage time: 0:00:00.010975
			running check      ...
[F			running check      - WA: wrong number of lines: 15 vs 29
				stage time: 0:00:00.070972
		----- running test 14-sfl - grade 0/3.1

		+++++ running test 15-sfl
			running test       ...
[F			running test       - OK
				stage time: 0:00:00.016296
			running check      ...
[F			running check      - WA: wrong number of lines: 30 vs 29
				stage time: 0:00:00.094493
		----- running test 15-sfl - grade 0/3.1

		+++++ running test 16-sfl
			running test       ...
[F			running test       - OK
				stage time: 0:00:00.019674
			running check      ...
[F			running check      - WA: wrong number of lines: 31 vs 29
				stage time: 0:00:00.080297
		----- running test 16-sfl - grade 0/3.1

		+++++ running test 17-sfl
			running test       ...
[F			running test       - OK
				stage time: 0:00:00.013095
			running check      ...
[F			running check      - WA: wrong number of lines: 16 vs 15
				stage time: 0:00:00.080984
		----- running test 17-sfl - grade 0/3.1

		+++++ running test 18-sfl
			running test       ...
[F			running test       - OK
				stage time: 0:00:00.016502
			running check      ...
[F			running check      - WA: wrong number of lines: 17 vs 16
				stage time: 0:00:00.080089
		----- running test 18-sfl - grade 0/3.1

		+++++ running test 19-sfl
			running test       ...
[F			running test       - OK
				stage time: 0:00:00.010822
			running check      ...
[F			running check      - WA: wrong number of lines: 2 vs 15
				stage time: 0:00:00.088112
		----- running test 19-sfl - grade 0/3.1

		+++++ running test 20-sfl
			running test       ...
[F			running test       - TLE: Command '/mnt/c/Users/raduv/OneDrive/CLionProjects/sd/tema/tema1/sfl' timed out after 5 seconds
				stage time: 0:00:05.010778
		----- running test 20-sfl - grade 0/3.1

		+++++ running test 21-sfl
			running test       ...
[F			running test       - UPS: exit code = -6
				stage time: 0:00:01.221368
		----- running test 21-sfl - grade 0/3.1

		+++++ running test 22-sfl
			running test       ...
[F			running test       - TLE: Command '/mnt/c/Users/raduv/OneDrive/CLionProjects/sd/tema/tema1/sfl' timed out after 5 seconds
				stage time: 0:00:05.009905
		----- running test 22-sfl - grade 0/3.1

		+++++ running test 23-sfl
			running test       ...
[F			running test       - TLE: Command '/mnt/c/Users/raduv/OneDrive/CLionProjects/sd/tema/tema1/sfl' timed out after 5 seconds
				stage time: 0:00:05.009940
		----- running test 23-sfl - grade 0/3.1

		+++++ running test 24-sfl
			running test       ...
[F			running test       - TLE: Command '/mnt/c/Users/raduv/OneDrive/CLionProjects/sd/tema/tema1/sfl' timed out after 5 seconds
				stage time: 0:00:05.010952
		----- running test 24-sfl - grade 0/3.1

		+++++ running test 25-sfl
			running test       ...
[F			running test       - TLE: Command '/mnt/c/Users/raduv/OneDrive/CLionProjects/sd/tema/tema1/sfl' timed out after 5 seconds
				stage time: 0:00:05.011048
		----- running test 25-sfl - grade 0/3.1

		+++++ running test 26-sfl
			running test       ...
[F			running test       - TLE: Command '/mnt/c/Users/raduv/OneDrive/CLionProjects/sd/tema/tema1/sfl' timed out after 5 seconds
				stage time: 0:00:05.010571
		----- running test 26-sfl - grade 0/3.1

		+++++ running test 27-sfl
			running test       ...
[F			running test       - TLE: Command '/mnt/c/Users/raduv/OneDrive/CLionProjects/sd/tema/tema1/sfl' timed out after 5 seconds
				stage time: 0:00:05.009781
		----- running test 27-sfl - grade 0/3.1

		+++++ running test 28-sfl
			running test       ...
[F			running test       - TLE: Command '/mnt/c/Users/raduv/OneDrive/CLionProjects/sd/tema/tema1/sfl' timed out after 5 seconds
				stage time: 0:00:05.008175
		----- running test 28-sfl - grade 0/3.1

		+++++ running test 29-sfl
			running test       ...
[F			running test       - TLE: Command '/mnt/c/Users/raduv/OneDrive/CLionProjects/sd/tema/tema1/sfl' timed out after 5 seconds
				stage time: 0:00:05.011574
		----- running test 29-sfl - grade 0/3.1

		+++++ running test 30-sfl
			running test       ...
[F			running test       - OK
				stage time: 0:00:00.014323
			running check      ...
[F			running check      - WA: wrong number of lines: 38 vs 37
				stage time: 0:00:00.070230
		----- running test 30-sfl - grade 0/2

		+++++ running test 31-sfl
			running test       ...
[F			running test       - OK
				stage time: 0:00:00.011579
			running check      ...
[F			running check      - WA: wrong number of lines: 37 vs 36
				stage time: 0:00:00.068011
		----- running test 31-sfl - grade 0/4

		+++++ running test 32-sfl
			running test       ...
[F			running test       - OK
				stage time: 0:00:00.009705
			running check      ...
[F			running check      - WA: wrong number of lines: 28 vs 25
				stage time: 0:00:00.067199
		----- running test 32-sfl - grade 0/4

		+++++ running test 33-sfl
			running test       ...
[F			running test       - OK
				stage time: 0:00:00.014751
			running check      ...
[F			running check      - WA: response #4 wrong: "Free blocks: 64
" vs "Free blocks: 8
"
				stage time: 0:00:00.068781
		----- running test 33-sfl - grade 0/4

		+++++ running test 34-sfl
			running test       ...
[F			running test       - OK
				stage time: 0:00:00.109084
			running check      ...
[F			running check      - WA: wrong number of lines: 12 vs 16
				stage time: 0:00:00.066303
		----- running test 34-sfl - grade 0/4

	----- running task sfl - grade 12/100

sh: 1: kill: Usage: kill [-s sigspec | -signum | -sigspec] [pid | job]... or
kill -l [exitstatus]
----- running all tasks

+++++ running check_style (10p)...
./cmake-build-debug/CMakeFiles/3.27.8/CompilerIdC/CMakeCCompilerId.c:20: CHECK:LINE_SPACING: Please don't use multiple blank lines
./cmake-build-debug/CMakeFiles/3.27.8/CompilerIdC/CMakeCCompilerId.c:34: CHECK:LONG_LINE: line length of 88 exceeds 80 columns
./cmake-build-debug/CMakeFiles/3.27.8/CompilerIdC/CMakeCCompilerId.c:35: CHECK:SPACING: spaces preferred around that '/' (ctx:VxV)
./cmake-build-debug/CMakeFiles/3.27.8/CompilerIdC/CMakeCCompilerId.c:36: CHECK:SPACING: spaces preferred around that '/' (ctx:VxV)
./cmake-build-debug/CMakeFiles/3.27.8/CompilerIdC/CMakeCCompilerId.c:70: CHECK:LONG_LINE: line length of 95 exceeds 80 columns
./cmake-build-debug/CMakeFiles/3.27.8/CompilerIdC/CMakeCCompilerId.c:83: CHECK:SPACING: spaces preferred around that '/' (ctx:VxV)
./cmake-build-debug/CMakeFiles/3.27.8/CompilerIdC/CMakeCCompilerId.c:84: CHECK:SPACING: spaces preferred around that '/' (ctx:VxV)
./cmake-build-debug/CMakeFiles/3.27.8/CompilerIdC/CMakeCCompilerId.c:87: CHECK:SPACING: spaces preferred around that '/' (ctx:VxV)
./cmake-build-debug/CMakeFiles/3.27.8/CompilerIdC/CMakeCCompilerId.c:88: CHECK:SPACING: spaces preferred around that '/' (ctx:VxV)
./cmake-build-debug/CMakeFiles/3.27.8/CompilerIdC/CMakeCCompilerId.c:118: CHECK:SPACING: spaces preferred around that '>>' (ctx:VxV)
./cmake-build-debug/CMakeFiles/3.27.8/CompilerIdC/CMakeCCompilerId.c:119: CHECK:SPACING: spaces preferred around that '>>' (ctx:VxV)
./cmake-build-debug/CMakeFiles/3.27.8/CompilerIdC/CMakeCCompilerId.c:125: CHECK:SPACING: spaces preferred around that '>>' (ctx:VxV)
./cmake-build-debug/CMakeFiles/3.27.8/CompilerIdC/CMakeCCompilerId.c:150: CHECK:SPACING: spaces preferred around that '>>' (ctx:VxV)
./cmake-build-debug/CMakeFiles/3.27.8/CompilerIdC/CMakeCCompilerId.c:151: CHECK:SPACING: spaces preferred around that '>>' (ctx:VxV)
./cmake-build-debug/CMakeFiles/3.27.8/CompilerIdC/CMakeCCompilerId.c:155: CHECK:SPACING: spaces preferred around that '>>' (ctx:VxV)
./cmake-build-debug/CMakeFiles/3.27.8/CompilerIdC/CMakeCCompilerId.c:156: CHECK:SPACING: spaces preferred around that '>>' (ctx:VxV)
./cmake-build-debug/CMakeFiles/3.27.8/CompilerIdC/CMakeCCompilerId.c:163: CHECK:SPACING: spaces preferred around that '/' (ctx:VxV)
./cmake-build-debug/CMakeFiles/3.27.8/CompilerIdC/CMakeCCompilerId.c:164: CHECK:SPACING: spaces preferred around that '/' (ctx:VxV)
./cmake-build-debug/CMakeFiles/3.27.8/CompilerIdC/CMakeCCompilerId.c:170: CHECK:SPACING: spaces preferred around that '/' (ctx:VxV)
./cmake-build-debug/CMakeFiles/3.27.8/CompilerIdC/CMakeCCompilerId.c:171: CHECK:SPACING: spaces preferred around that '/' (ctx:VxV)
./cmake-build-debug/CMakeFiles/3.27.8/CompilerIdC/CMakeCCompilerId.c:177: CHECK:SPACING: spaces preferred around that '/' (ctx:VxV)
./cmake-build-debug/CMakeFiles/3.27.8/CompilerIdC/CMakeCCompilerId.c:178: CHECK:SPACING: spaces preferred around that '/' (ctx:VxV)
./cmake-build-debug/CMakeFiles/3.27.8/CompilerIdC/CMakeCCompilerId.c:188: CHECK:LINE_SPACING: Please don't use multiple blank lines
./cmake-build-debug/CMakeFiles/3.27.8/CompilerIdC/CMakeCCompilerId.c:196: CHECK:LINE_SPACING: Please don't use multiple blank lines
./cmake-build-debug/CMakeFiles/3.27.8/CompilerIdC/CMakeCCompilerId.c:200: CHECK:SPACING: spaces preferred around that '/' (ctx:VxV)
./cmake-build-debug/CMakeFiles/3.27.8/CompilerIdC/CMakeCCompilerId.c:201: CHECK:SPACING: spaces preferred around that '/' (ctx:VxV)
./cmake-build-debug/CMakeFiles/3.27.8/CompilerIdC/CMakeCCompilerId.c:207: CHECK:SPACING: spaces preferred around that '/' (ctx:VxV)
./cmake-build-debug/CMakeFiles/3.27.8/CompilerIdC/CMakeCCompilerId.c:208: CHECK:SPACING: spaces preferred around that '/' (ctx:VxV)
./cmake-build-debug/CMakeFiles/3.27.8/CompilerIdC/CMakeCCompilerId.c:235: CHECK:SPACING: spaces preferred around that '/' (ctx:VxV)
./cmake-build-debug/CMakeFiles/3.27.8/CompilerIdC/CMakeCCompilerId.c:236: CHECK:SPACING: spaces preferred around that '/' (ctx:VxV)
./cmake-build-debug/CMakeFiles/3.27.8/CompilerIdC/CMakeCCompilerId.c:246: CHECK:LINE_SPACING: Please don't use multiple blank lines
./cmake-build-debug/CMakeFiles/3.27.8/CompilerIdC/CMakeCCompilerId.c:262: CHECK:LINE_SPACING: Please don't use multiple blank lines
./cmake-build-debug/CMakeFiles/3.27.8/CompilerIdC/CMakeCCompilerId.c:274: CHECK:SPACING: spaces preferred around that '/' (ctx:VxV)
./cmake-build-debug/CMakeFiles/3.27.8/CompilerIdC/CMakeCCompilerId.c:291: CHECK:SPACING: spaces preferred around that '/' (ctx:VxV)
./cmake-build-debug/CMakeFiles/3.27.8/CompilerIdC/CMakeCCompilerId.c:292: CHECK:SPACING: spaces preferred around that '/' (ctx:VxV)
./cmake-build-debug/CMakeFiles/3.27.8/CompilerIdC/CMakeCCompilerId.c:296: CHECK:SPACING: spaces preferred around that '/' (ctx:VxV)
./cmake-build-debug/CMakeFiles/3.27.8/CompilerIdC/CMakeCCompilerId.c:297: CHECK:SPACING: spaces preferred around that '/' (ctx:VxV)
./cmake-build-debug/CMakeFiles/3.27.8/CompilerIdC/CMakeCCompilerId.c:301: CHECK:LINE_SPACING: Please don't use multiple blank lines
./cmake-build-debug/CMakeFiles/3.27.8/CompilerIdC/CMakeCCompilerId.c:319: CHECK:SPACING: spaces preferred around that '/' (ctx:VxV)
./cmake-build-debug/CMakeFiles/3.27.8/CompilerIdC/CMakeCCompilerId.c:320: CHECK:SPACING: spaces preferred around that '/' (ctx:VxV)
./cmake-build-debug/CMakeFiles/3.27.8/CompilerIdC/CMakeCCompilerId.c:321: CHECK:SPACING: spaces preferred around that '/' (ctx:VxV)
./cmake-build-debug/CMakeFiles/3.27.8/CompilerIdC/CMakeCCompilerId.c:338: CHECK:LONG_LINE: line length of 87 exceeds 80 columns
./cmake-build-debug/CMakeFiles/3.27.8/CompilerIdC/CMakeCCompilerId.c:399: CHECK:LONG_LINE: line length of 239 exceeds 80 columns
./cmake-build-debug/CMakeFiles/3.27.8/CompilerIdC/CMakeCCompilerId.c:401: CHECK:SPACING: spaces preferred around that '*' (ctx:VxV)
./cmake-build-debug/CMakeFiles/3.27.8/CompilerIdC/CMakeCCompilerId.c:414: CHECK:SPACING: spaces preferred around that '/' (ctx:VxV)
./cmake-build-debug/CMakeFiles/3.27.8/CompilerIdC/CMakeCCompilerId.c:415: CHECK:SPACING: spaces preferred around that '/' (ctx:VxV)
./cmake-build-debug/CMakeFiles/3.27.8/CompilerIdC/CMakeCCompilerId.c:419: CHECK:LINE_SPACING: Please don't use multiple blank lines
./cmake-build-debug/CMakeFiles/3.27.8/CompilerIdC/CMakeCCompilerId.c:434: ERROR:POINTER_LOCATION: "foo* bar" should be "foo *bar"
./cmake-build-debug/CMakeFiles/3.27.8/CompilerIdC/CMakeCCompilerId.c:434: WARNING:STRING_FRAGMENTS: Consecutive strings are generally better as a single string
./cmake-build-debug/CMakeFiles/3.27.8/CompilerIdC/CMakeCCompilerId.c:436: ERROR:POINTER_LOCATION: "foo* bar" should be "foo *bar"
./cmake-build-debug/CMakeFiles/3.27.8/CompilerIdC/CMakeCCompilerId.c:436: WARNING:STRING_FRAGMENTS: Consecutive strings are generally better as a single string
./cmake-build-debug/CMakeFiles/3.27.8/CompilerIdC/CMakeCCompilerId.c:440: ERROR:POINTER_LOCATION: "foo* bar" should be "foo *bar"
./cmake-build-debug/CMakeFiles/3.27.8/CompilerIdC/CMakeCCompilerId.c:440: WARNING:STRING_FRAGMENTS: Consecutive strings are generally better as a single string
./cmake-build-debug/CMakeFiles/3.27.8/CompilerIdC/CMakeCCompilerId.c:444: WARNING:STRING_FRAGMENTS: Consecutive strings are generally better as a single string
./cmake-build-debug/CMakeFiles/3.27.8/CompilerIdC/CMakeCCompilerId.c:469: CHECK:CAMELCASE: Avoid CamelCase: <__FreeBSD__>
./cmake-build-debug/CMakeFiles/3.27.8/CompilerIdC/CMakeCCompilerId.c:469: CHECK:CAMELCASE: Avoid CamelCase: <__FreeBSD>
./cmake-build-debug/CMakeFiles/3.27.8/CompilerIdC/CMakeCCompilerId.c:472: CHECK:CAMELCASE: Avoid CamelCase: <__NetBSD__>
./cmake-build-debug/CMakeFiles/3.27.8/CompilerIdC/CMakeCCompilerId.c:472: CHECK:CAMELCASE: Avoid CamelCase: <__NetBSD>
./cmake-build-debug/CMakeFiles/3.27.8/CompilerIdC/CMakeCCompilerId.c:475: CHECK:CAMELCASE: Avoid CamelCase: <__OpenBSD__>
./cmake-build-debug/CMakeFiles/3.27.8/CompilerIdC/CMakeCCompilerId.c:481: CHECK:LONG_LINE: line length of 95 exceeds 80 columns
./cmake-build-debug/CMakeFiles/3.27.8/CompilerIdC/CMakeCCompilerId.c:490: CHECK:CAMELCASE: Avoid CamelCase: <__BeOS>
./cmake-build-debug/CMakeFiles/3.27.8/CompilerIdC/CMakeCCompilerId.c:720: ERROR:COMPLEX_MACRO: Macros with complex values should be enclosed in parentheses
./cmake-build-debug/CMakeFiles/3.27.8/CompilerIdC/CMakeCCompilerId.c:720: CHECK:MACRO_ARG_REUSE: Macro argument reuse 'n' - possible side-effects?
./cmake-build-debug/CMakeFiles/3.27.8/CompilerIdC/CMakeCCompilerId.c:721: WARNING:LEADING_SPACE: please, no spaces at the start of a line
./cmake-build-debug/CMakeFiles/3.27.8/CompilerIdC/CMakeCCompilerId.c:721: CHECK:SPACING: spaces preferred around that '%' (ctx:VxV)
./cmake-build-debug/CMakeFiles/3.27.8/CompilerIdC/CMakeCCompilerId.c:722: WARNING:LEADING_SPACE: please, no spaces at the start of a line
./cmake-build-debug/CMakeFiles/3.27.8/CompilerIdC/CMakeCCompilerId.c:722: CHECK:SPACING: spaces preferred around that '%' (ctx:VxV)
./cmake-build-debug/CMakeFiles/3.27.8/CompilerIdC/CMakeCCompilerId.c:723: WARNING:LEADING_SPACE: please, no spaces at the start of a line
./cmake-build-debug/CMakeFiles/3.27.8/CompilerIdC/CMakeCCompilerId.c:723: CHECK:SPACING: spaces preferred around that '%' (ctx:VxV)
./cmake-build-debug/CMakeFiles/3.27.8/CompilerIdC/CMakeCCompilerId.c:724: WARNING:LEADING_SPACE: please, no spaces at the start of a line
./cmake-build-debug/CMakeFiles/3.27.8/CompilerIdC/CMakeCCompilerId.c:724: CHECK:SPACING: spaces preferred around that '%' (ctx:VxV)
./cmake-build-debug/CMakeFiles/3.27.8/CompilerIdC/CMakeCCompilerId.c:725: WARNING:LEADING_SPACE: please, no spaces at the start of a line
./cmake-build-debug/CMakeFiles/3.27.8/CompilerIdC/CMakeCCompilerId.c:725: CHECK:SPACING: spaces preferred around that '%' (ctx:VxV)
./cmake-build-debug/CMakeFiles/3.27.8/CompilerIdC/CMakeCCompilerId.c:726: WARNING:LEADING_SPACE: please, no spaces at the start of a line
./cmake-build-debug/CMakeFiles/3.27.8/CompilerIdC/CMakeCCompilerId.c:726: CHECK:SPACING: spaces preferred around that '%' (ctx:VxV)
./cmake-build-debug/CMakeFiles/3.27.8/CompilerIdC/CMakeCCompilerId.c:727: WARNING:LEADING_SPACE: please, no spaces at the start of a line
./cmake-build-debug/CMakeFiles/3.27.8/CompilerIdC/CMakeCCompilerId.c:727: CHECK:SPACING: spaces preferred around that '%' (ctx:VxV)
./cmake-build-debug/CMakeFiles/3.27.8/CompilerIdC/CMakeCCompilerId.c:728: WARNING:LEADING_SPACE: please, no spaces at the start of a line
./cmake-build-debug/CMakeFiles/3.27.8/CompilerIdC/CMakeCCompilerId.c:731: ERROR:COMPLEX_MACRO: Macros with complex values should be enclosed in parentheses
./cmake-build-debug/CMakeFiles/3.27.8/CompilerIdC/CMakeCCompilerId.c:731: CHECK:MACRO_ARG_REUSE: Macro argument reuse 'n' - possible side-effects?
./cmake-build-debug/CMakeFiles/3.27.8/CompilerIdC/CMakeCCompilerId.c:732: WARNING:LEADING_SPACE: please, no spaces at the start of a line
./cmake-build-debug/CMakeFiles/3.27.8/CompilerIdC/CMakeCCompilerId.c:732: CHECK:SPACING: spaces preferred around that '>>' (ctx:VxV)
./cmake-build-debug/CMakeFiles/3.27.8/CompilerIdC/CMakeCCompilerId.c:733: WARNING:LEADING_SPACE: please, no spaces at the start of a line
./cmake-build-debug/CMakeFiles/3.27.8/CompilerIdC/CMakeCCompilerId.c:733: CHECK:SPACING: spaces preferred around that '>>' (ctx:VxV)
./cmake-build-debug/CMakeFiles/3.27.8/CompilerIdC/CMakeCCompilerId.c:734: WARNING:LEADING_SPACE: please, no spaces at the start of a line
./cmake-build-debug/CMakeFiles/3.27.8/CompilerIdC/CMakeCCompilerId.c:734: CHECK:SPACING: spaces preferred around that '>>' (ctx:VxV)
./cmake-build-debug/CMakeFiles/3.27.8/CompilerIdC/CMakeCCompilerId.c:735: WARNING:LEADING_SPACE: please, no spaces at the start of a line
./cmake-build-debug/CMakeFiles/3.27.8/CompilerIdC/CMakeCCompilerId.c:735: CHECK:SPACING: spaces preferred around that '>>' (ctx:VxV)
./cmake-build-debug/CMakeFiles/3.27.8/CompilerIdC/CMakeCCompilerId.c:736: WARNING:LEADING_SPACE: please, no spaces at the start of a line
./cmake-build-debug/CMakeFiles/3.27.8/CompilerIdC/CMakeCCompilerId.c:736: CHECK:SPACING: spaces preferred around that '>>' (ctx:VxV)
./cmake-build-debug/CMakeFiles/3.27.8/CompilerIdC/CMakeCCompilerId.c:737: WARNING:LEADING_SPACE: please, no spaces at the start of a line
./cmake-build-debug/CMakeFiles/3.27.8/CompilerIdC/CMakeCCompilerId.c:737: CHECK:SPACING: spaces preferred around that '>>' (ctx:VxV)
./cmake-build-debug/CMakeFiles/3.27.8/CompilerIdC/CMakeCCompilerId.c:738: WARNING:LEADING_SPACE: please, no spaces at the start of a line
./cmake-build-debug/CMakeFiles/3.27.8/CompilerIdC/CMakeCCompilerId.c:738: CHECK:SPACING: spaces preferred around that '>>' (ctx:VxV)
./cmake-build-debug/CMakeFiles/3.27.8/CompilerIdC/CMakeCCompilerId.c:739: WARNING:LEADING_SPACE: please, no spaces at the start of a line
./cmake-build-debug/CMakeFiles/3.27.8/CompilerIdC/CMakeCCompilerId.c:743: ERROR:POINTER_LOCATION: "foo* bar" should be "foo *bar"
./cmake-build-debug/CMakeFiles/3.27.8/CompilerIdC/CMakeCCompilerId.c:743: WARNING:STRING_FRAGMENTS: Consecutive strings are generally better as a single string
./cmake-build-debug/CMakeFiles/3.27.8/CompilerIdC/CMakeCCompilerId.c:748: WARNING:LEADING_SPACE: please, no spaces at the start of a line
./cmake-build-debug/CMakeFiles/3.27.8/CompilerIdC/CMakeCCompilerId.c:749: WARNING:LEADING_SPACE: please, no spaces at the start of a line
./cmake-build-debug/CMakeFiles/3.27.8/CompilerIdC/CMakeCCompilerId.c:749: ERROR:SPACING: space required after that ',' (ctx:VxV)
./cmake-build-debug/CMakeFiles/3.27.8/CompilerIdC/CMakeCCompilerId.c:749: ERROR:SPACING: space required after that ',' (ctx:VxV)
./cmake-build-debug/CMakeFiles/3.27.8/CompilerIdC/CMakeCCompilerId.c:749: ERROR:SPACING: space required after that ',' (ctx:VxV)
./cmake-build-debug/CMakeFiles/3.27.8/CompilerIdC/CMakeCCompilerId.c:749: ERROR:SPACING: space required after that ',' (ctx:VxV)
./cmake-build-debug/CMakeFiles/3.27.8/CompilerIdC/CMakeCCompilerId.c:749: ERROR:SPACING: space required after that ',' (ctx:VxV)
./cmake-build-debug/CMakeFiles/3.27.8/CompilerIdC/CMakeCCompilerId.c:749: ERROR:SPACING: space required after that ',' (ctx:VxV)
./cmake-build-debug/CMakeFiles/3.27.8/CompilerIdC/CMakeCCompilerId.c:749: ERROR:SPACING: space required after that ',' (ctx:VxV)
./cmake-build-debug/CMakeFiles/3.27.8/CompilerIdC/CMakeCCompilerId.c:749: ERROR:SPACING: space required after that ',' (ctx:VxV)
./cmake-build-debug/CMakeFiles/3.27.8/CompilerIdC/CMakeCCompilerId.c:749: ERROR:SPACING: space required after that ',' (ctx:VxV)
./cmake-build-debug/CMakeFiles/3.27.8/CompilerIdC/CMakeCCompilerId.c:749: ERROR:SPACING: space required after that ',' (ctx:VxV)
./cmake-build-debug/CMakeFiles/3.27.8/CompilerIdC/CMakeCCompilerId.c:749: ERROR:SPACING: space required after that ',' (ctx:VxV)
./cmake-build-debug/CMakeFiles/3.27.8/CompilerIdC/CMakeCCompilerId.c:749: ERROR:SPACING: space required after that ',' (ctx:VxV)
./cmake-build-debug/CMakeFiles/3.27.8/CompilerIdC/CMakeCCompilerId.c:749: ERROR:SPACING: space required after that ',' (ctx:VxV)
./cmake-build-debug/CMakeFiles/3.27.8/CompilerIdC/CMakeCCompilerId.c:749: ERROR:SPACING: space required after that ',' (ctx:VxV)
./cmake-build-debug/CMakeFiles/3.27.8/CompilerIdC/CMakeCCompilerId.c:749: ERROR:SPACING: space required after that ',' (ctx:VxV)
./cmake-build-debug/CMakeFiles/3.27.8/CompilerIdC/CMakeCCompilerId.c:749: ERROR:SPACING: space required after that ',' (ctx:VxV)
./cmake-build-debug/CMakeFiles/3.27.8/CompilerIdC/CMakeCCompilerId.c:750: WARNING:LEADING_SPACE: please, no spaces at the start of a line
./cmake-build-debug/CMakeFiles/3.27.8/CompilerIdC/CMakeCCompilerId.c:752: WARNING:LEADING_SPACE: please, no spaces at the start of a line
./cmake-build-debug/CMakeFiles/3.27.8/CompilerIdC/CMakeCCompilerId.c:754: WARNING:LEADING_SPACE: please, no spaces at the start of a line
./cmake-build-debug/CMakeFiles/3.27.8/CompilerIdC/CMakeCCompilerId.c:756: WARNING:LEADING_SPACE: please, no spaces at the start of a line
./cmake-build-debug/CMakeFiles/3.27.8/CompilerIdC/CMakeCCompilerId.c:760: WARNING:LEADING_SPACE: please, no spaces at the start of a line
./cmake-build-debug/CMakeFiles/3.27.8/CompilerIdC/CMakeCCompilerId.c:760: ERROR:SPACING: space required after that ',' (ctx:VxV)
./cmake-build-debug/CMakeFiles/3.27.8/CompilerIdC/CMakeCCompilerId.c:766: WARNING:LEADING_SPACE: please, no spaces at the start of a line
./cmake-build-debug/CMakeFiles/3.27.8/CompilerIdC/CMakeCCompilerId.c:767: WARNING:LEADING_SPACE: please, no spaces at the start of a line
./cmake-build-debug/CMakeFiles/3.27.8/CompilerIdC/CMakeCCompilerId.c:767: ERROR:SPACING: space required after that ',' (ctx:VxV)
./cmake-build-debug/CMakeFiles/3.27.8/CompilerIdC/CMakeCCompilerId.c:767: ERROR:SPACING: space required after that ',' (ctx:VxV)
./cmake-build-debug/CMakeFiles/3.27.8/CompilerIdC/CMakeCCompilerId.c:767: ERROR:SPACING: space required after that ',' (ctx:VxV)
./cmake-build-debug/CMakeFiles/3.27.8/CompilerIdC/CMakeCCompilerId.c:767: ERROR:SPACING: space required after that ',' (ctx:VxV)
./cmake-build-debug/CMakeFiles/3.27.8/CompilerIdC/CMakeCCompilerId.c:767: ERROR:SPACING: space required after that ',' (ctx:VxV)
./cmake-build-debug/CMakeFiles/3.27.8/CompilerIdC/CMakeCCompilerId.c:767: ERROR:SPACING: space required after that ',' (ctx:VxV)
./cmake-build-debug/CMakeFiles/3.27.8/CompilerIdC/CMakeCCompilerId.c:767: ERROR:SPACING: space required after that ',' (ctx:VxV)
./cmake-build-debug/CMakeFiles/3.27.8/CompilerIdC/CMakeCCompilerId.c:767: ERROR:SPACING: space required after that ',' (ctx:VxV)
./cmake-build-debug/CMakeFiles/3.27.8/CompilerIdC/CMakeCCompilerId.c:767: ERROR:SPACING: space required after that ',' (ctx:VxV)
./cmake-build-debug/CMakeFiles/3.27.8/CompilerIdC/CMakeCCompilerId.c:767: ERROR:SPACING: space required after that ',' (ctx:VxV)
./cmake-build-debug/CMakeFiles/3.27.8/CompilerIdC/CMakeCCompilerId.c:767: ERROR:SPACING: space required after that ',' (ctx:VxV)
./cmake-build-debug/CMakeFiles/3.27.8/CompilerIdC/CMakeCCompilerId.c:767: ERROR:SPACING: space required after that ',' (ctx:VxV)
./cmake-build-debug/CMakeFiles/3.27.8/CompilerIdC/CMakeCCompilerId.c:767: ERROR:SPACING: space required after that ',' (ctx:VxV)
./cmake-build-debug/CMakeFiles/3.27.8/CompilerIdC/CMakeCCompilerId.c:767: ERROR:SPACING: space required after that ',' (ctx:VxV)
./cmake-build-debug/CMakeFiles/3.27.8/CompilerIdC/CMakeCCompilerId.c:767: ERROR:SPACING: space required after that ',' (ctx:VxV)
./cmake-build-debug/CMakeFiles/3.27.8/CompilerIdC/CMakeCCompilerId.c:767: ERROR:SPACING: space required after that ',' (ctx:VxV)
./cmake-build-debug/CMakeFiles/3.27.8/CompilerIdC/CMakeCCompilerId.c:768: WARNING:LEADING_SPACE: please, no spaces at the start of a line
./cmake-build-debug/CMakeFiles/3.27.8/CompilerIdC/CMakeCCompilerId.c:768: ERROR:SPACING: space required after that ',' (ctx:VxV)
./cmake-build-debug/CMakeFiles/3.27.8/CompilerIdC/CMakeCCompilerId.c:768: ERROR:SPACING: space required after that ',' (ctx:VxV)
./cmake-build-debug/CMakeFiles/3.27.8/CompilerIdC/CMakeCCompilerId.c:768: ERROR:SPACING: space required after that ',' (ctx:VxV)
./cmake-build-debug/CMakeFiles/3.27.8/CompilerIdC/CMakeCCompilerId.c:768: ERROR:SPACING: space required after that ',' (ctx:VxV)
./cmake-build-debug/CMakeFiles/3.27.8/CompilerIdC/CMakeCCompilerId.c:768: ERROR:SPACING: space required after that ',' (ctx:VxV)
./cmake-build-debug/CMakeFiles/3.27.8/CompilerIdC/CMakeCCompilerId.c:768: ERROR:SPACING: space required after that ',' (ctx:VxV)
./cmake-build-debug/CMakeFiles/3.27.8/CompilerIdC/CMakeCCompilerId.c:768: ERROR:SPACING: space required after that ',' (ctx:VxV)
./cmake-build-debug/CMakeFiles/3.27.8/CompilerIdC/CMakeCCompilerId.c:768: ERROR:SPACING: space required after that ',' (ctx:VxV)
./cmake-build-debug/CMakeFiles/3.27.8/CompilerIdC/CMakeCCompilerId.c:769: WARNING:LEADING_SPACE: please, no spaces at the start of a line
./cmake-build-debug/CMakeFiles/3.27.8/CompilerIdC/CMakeCCompilerId.c:769: ERROR:SPACING: space required after that ',' (ctx:VxV)
./cmake-build-debug/CMakeFiles/3.27.8/CompilerIdC/CMakeCCompilerId.c:769: ERROR:SPACING: space required after that ',' (ctx:VxV)
./cmake-build-debug/CMakeFiles/3.27.8/CompilerIdC/CMakeCCompilerId.c:771: CHECK:LONG_LINE: line length of 110 exceeds 80 columns
./cmake-build-debug/CMakeFiles/3.27.8/CompilerIdC/CMakeCCompilerId.c:771: ERROR:POINTER_LOCATION: "foo* bar" should be "foo *bar"
./cmake-build-debug/CMakeFiles/3.27.8/CompilerIdC/CMakeCCompilerId.c:771: WARNING:STRING_FRAGMENTS: Consecutive strings are generally better as a single string
./cmake-build-debug/CMakeFiles/3.27.8/CompilerIdC/CMakeCCompilerId.c:777: WARNING:LEADING_SPACE: please, no spaces at the start of a line
./cmake-build-debug/CMakeFiles/3.27.8/CompilerIdC/CMakeCCompilerId.c:778: WARNING:LEADING_SPACE: please, no spaces at the start of a line
./cmake-build-debug/CMakeFiles/3.27.8/CompilerIdC/CMakeCCompilerId.c:778: ERROR:SPACING: space required after that ',' (ctx:VxV)
./cmake-build-debug/CMakeFiles/3.27.8/CompilerIdC/CMakeCCompilerId.c:778: ERROR:SPACING: space required after that ',' (ctx:VxV)
./cmake-build-debug/CMakeFiles/3.27.8/CompilerIdC/CMakeCCompilerId.c:778: ERROR:SPACING: space required after that ',' (ctx:VxV)
./cmake-build-debug/CMakeFiles/3.27.8/CompilerIdC/CMakeCCompilerId.c:778: ERROR:SPACING: space required after that ',' (ctx:VxV)
./cmake-build-debug/CMakeFiles/3.27.8/CompilerIdC/CMakeCCompilerId.c:778: ERROR:SPACING: space required after that ',' (ctx:VxV)
./cmake-build-debug/CMakeFiles/3.27.8/CompilerIdC/CMakeCCompilerId.c:778: ERROR:SPACING: space required after that ',' (ctx:VxV)
./cmake-build-debug/CMakeFiles/3.27.8/CompilerIdC/CMakeCCompilerId.c:778: ERROR:SPACING: space required after that ',' (ctx:VxV)
./cmake-build-debug/CMakeFiles/3.27.8/CompilerIdC/CMakeCCompilerId.c:778: ERROR:SPACING: space required after that ',' (ctx:VxV)
./cmake-build-debug/CMakeFiles/3.27.8/CompilerIdC/CMakeCCompilerId.c:778: ERROR:SPACING: space required after that ',' (ctx:VxV)
./cmake-build-debug/CMakeFiles/3.27.8/CompilerIdC/CMakeCCompilerId.c:778: ERROR:SPACING: space required after that ',' (ctx:VxV)
./cmake-build-debug/CMakeFiles/3.27.8/CompilerIdC/CMakeCCompilerId.c:778: ERROR:SPACING: space required after that ',' (ctx:VxV)
./cmake-build-debug/CMakeFiles/3.27.8/CompilerIdC/CMakeCCompilerId.c:778: ERROR:SPACING: space required after that ',' (ctx:VxV)
./cmake-build-debug/CMakeFiles/3.27.8/CompilerIdC/CMakeCCompilerId.c:778: ERROR:SPACING: space required after that ',' (ctx:VxV)
./cmake-build-debug/CMakeFiles/3.27.8/CompilerIdC/CMakeCCompilerId.c:778: ERROR:SPACING: space required after that ',' (ctx:VxV)
./cmake-build-debug/CMakeFiles/3.27.8/CompilerIdC/CMakeCCompilerId.c:778: ERROR:SPACING: space required after that ',' (ctx:VxV)
./cmake-build-debug/CMakeFiles/3.27.8/CompilerIdC/CMakeCCompilerId.c:778: ERROR:SPACING: space required after that ',' (ctx:VxV)
./cmake-build-debug/CMakeFiles/3.27.8/CompilerIdC/CMakeCCompilerId.c:779: WARNING:LEADING_SPACE: please, no spaces at the start of a line
./cmake-build-debug/CMakeFiles/3.27.8/CompilerIdC/CMakeCCompilerId.c:781: WARNING:LEADING_SPACE: please, no spaces at the start of a line
./cmake-build-debug/CMakeFiles/3.27.8/CompilerIdC/CMakeCCompilerId.c:783: WARNING:LEADING_SPACE: please, no spaces at the start of a line
./cmake-build-debug/CMakeFiles/3.27.8/CompilerIdC/CMakeCCompilerId.c:785: WARNING:LEADING_SPACE: please, no spaces at the start of a line
./cmake-build-debug/CMakeFiles/3.27.8/CompilerIdC/CMakeCCompilerId.c:789: WARNING:LEADING_SPACE: please, no spaces at the start of a line
./cmake-build-debug/CMakeFiles/3.27.8/CompilerIdC/CMakeCCompilerId.c:789: ERROR:SPACING: space required after that ',' (ctx:VxV)
./cmake-build-debug/CMakeFiles/3.27.8/CompilerIdC/CMakeCCompilerId.c:796: ERROR:POINTER_LOCATION: "foo* bar" should be "foo *bar"
./cmake-build-debug/CMakeFiles/3.27.8/CompilerIdC/CMakeCCompilerId.c:796: WARNING:STRING_FRAGMENTS: Consecutive strings are generally better as a single string
./cmake-build-debug/CMakeFiles/3.27.8/CompilerIdC/CMakeCCompilerId.c:797: ERROR:POINTER_LOCATION: "foo* bar" should be "foo *bar"
./cmake-build-debug/CMakeFiles/3.27.8/CompilerIdC/CMakeCCompilerId.c:797: WARNING:STRING_FRAGMENTS: Consecutive strings are generally better as a single string
./cmake-build-debug/CMakeFiles/3.27.8/CompilerIdC/CMakeCCompilerId.c:799: CHECK:LINE_SPACING: Please don't use multiple blank lines
./cmake-build-debug/CMakeFiles/3.27.8/CompilerIdC/CMakeCCompilerId.c:818: ERROR:POINTER_LOCATION: "foo* bar" should be "foo *bar"
./cmake-build-debug/CMakeFiles/3.27.8/CompilerIdC/CMakeCCompilerId.c:819: WARNING:LEADING_SPACE: please, no spaces at the start of a line
./cmake-build-debug/CMakeFiles/3.27.8/CompilerIdC/CMakeCCompilerId.c:819: WARNING:STRING_FRAGMENTS: Consecutive strings are generally better as a single string
./cmake-build-debug/CMakeFiles/3.27.8/CompilerIdC/CMakeCCompilerId.c:821: ERROR:POINTER_LOCATION: "foo* bar" should be "foo *bar"
./cmake-build-debug/CMakeFiles/3.27.8/CompilerIdC/CMakeCCompilerId.c:821: WARNING:STRING_FRAGMENTS: Consecutive strings are generally better as a single string
./cmake-build-debug/CMakeFiles/3.27.8/CompilerIdC/CMakeCCompilerId.c:823: WARNING:LEADING_SPACE: please, no spaces at the start of a line
./cmake-build-debug/CMakeFiles/3.27.8/CompilerIdC/CMakeCCompilerId.c:824: WARNING:LEADING_SPACE: please, no spaces at the start of a line
./cmake-build-debug/CMakeFiles/3.27.8/CompilerIdC/CMakeCCompilerId.c:825: WARNING:LEADING_SPACE: please, no spaces at the start of a line
./cmake-build-debug/CMakeFiles/3.27.8/CompilerIdC/CMakeCCompilerId.c:827: WARNING:LEADING_SPACE: please, no spaces at the start of a line
./cmake-build-debug/CMakeFiles/3.27.8/CompilerIdC/CMakeCCompilerId.c:834: ERROR:FUNCTION_WITHOUT_ARGS: Bad function definition - void main() should probably be void main(void)
./cmake-build-debug/CMakeFiles/3.27.8/CompilerIdC/CMakeCCompilerId.c:839: ERROR:POINTER_LOCATION: "foo* bar" should be "foo *bar"
./cmake-build-debug/CMakeFiles/3.27.8/CompilerIdC/CMakeCCompilerId.c:842: WARNING:LEADING_SPACE: please, no spaces at the start of a line
./cmake-build-debug/CMakeFiles/3.27.8/CompilerIdC/CMakeCCompilerId.c:843: WARNING:LEADING_SPACE: please, no spaces at the start of a line
./cmake-build-debug/CMakeFiles/3.27.8/CompilerIdC/CMakeCCompilerId.c:844: WARNING:LEADING_SPACE: please, no spaces at the start of a line
./cmake-build-debug/CMakeFiles/3.27.8/CompilerIdC/CMakeCCompilerId.c:845: WARNING:LEADING_SPACE: please, no spaces at the start of a line
./cmake-build-debug/CMakeFiles/3.27.8/CompilerIdC/CMakeCCompilerId.c:847: WARNING:LEADING_SPACE: please, no spaces at the start of a line
./cmake-build-debug/CMakeFiles/3.27.8/CompilerIdC/CMakeCCompilerId.c:850: WARNING:LEADING_SPACE: please, no spaces at the start of a line
./cmake-build-debug/CMakeFiles/3.27.8/CompilerIdC/CMakeCCompilerId.c:853: WARNING:LEADING_SPACE: please, no spaces at the start of a line
./cmake-build-debug/CMakeFiles/3.27.8/CompilerIdC/CMakeCCompilerId.c:856: WARNING:LEADING_SPACE: please, no spaces at the start of a line
./cmake-build-debug/CMakeFiles/3.27.8/CompilerIdC/CMakeCCompilerId.c:859: WARNING:LEADING_SPACE: please, no spaces at the start of a line
./cmake-build-debug/CMakeFiles/3.27.8/CompilerIdC/CMakeCCompilerId.c:861: WARNING:LEADING_SPACE: please, no spaces at the start of a line
./cmake-build-debug/CMakeFiles/3.27.8/CompilerIdC/CMakeCCompilerId.c:862: WARNING:LEADING_SPACE: please, no spaces at the start of a line
./cmake-build-debug/CMakeFiles/3.27.8/CompilerIdC/CMakeCCompilerId.c:863: WARNING:LEADING_SPACE: please, no spaces at the start of a line
./cmake-build-debug/CMakeFiles/3.27.8/CompilerIdC/CMakeCCompilerId.c:864: WARNING:LEADING_SPACE: please, no spaces at the start of a line
./cmake-build-debug-wsl/CMakeFiles/3.28.3/CompilerIdC/CMakeCCompilerId.c:20: CHECK:LINE_SPACING: Please don't use multiple blank lines
./cmake-build-debug-wsl/CMakeFiles/3.28.3/CompilerIdC/CMakeCCompilerId.c:34: CHECK:LONG_LINE: line length of 88 exceeds 80 columns
./cmake-build-debug-wsl/CMakeFiles/3.28.3/CompilerIdC/CMakeCCompilerId.c:35: CHECK:SPACING: spaces preferred around that '/' (ctx:VxV)
./cmake-build-debug-wsl/CMakeFiles/3.28.3/CompilerIdC/CMakeCCompilerId.c:36: CHECK:SPACING: spaces preferred around that '/' (ctx:VxV)
./cmake-build-debug-wsl/CMakeFiles/3.28.3/CompilerIdC/CMakeCCompilerId.c:70: CHECK:LONG_LINE: line length of 95 exceeds 80 columns
./cmake-build-debug-wsl/CMakeFiles/3.28.3/CompilerIdC/CMakeCCompilerId.c:83: CHECK:SPACING: spaces preferred around that '/' (ctx:VxV)
./cmake-build-debug-wsl/CMakeFiles/3.28.3/CompilerIdC/CMakeCCompilerId.c:84: CHECK:SPACING: spaces preferred around that '/' (ctx:VxV)
./cmake-build-debug-wsl/CMakeFiles/3.28.3/CompilerIdC/CMakeCCompilerId.c:87: CHECK:SPACING: spaces preferred around that '/' (ctx:VxV)
./cmake-build-debug-wsl/CMakeFiles/3.28.3/CompilerIdC/CMakeCCompilerId.c:88: CHECK:SPACING: spaces preferred around that '/' (ctx:VxV)
./cmake-build-debug-wsl/CMakeFiles/3.28.3/CompilerIdC/CMakeCCompilerId.c:118: CHECK:SPACING: spaces preferred around that '>>' (ctx:VxV)
./cmake-build-debug-wsl/CMakeFiles/3.28.3/CompilerIdC/CMakeCCompilerId.c:119: CHECK:SPACING: spaces preferred around that '>>' (ctx:VxV)
./cmake-build-debug-wsl/CMakeFiles/3.28.3/CompilerIdC/CMakeCCompilerId.c:125: CHECK:SPACING: spaces preferred around that '>>' (ctx:VxV)
./cmake-build-debug-wsl/CMakeFiles/3.28.3/CompilerIdC/CMakeCCompilerId.c:150: CHECK:SPACING: spaces preferred around that '>>' (ctx:VxV)
./cmake-build-debug-wsl/CMakeFiles/3.28.3/CompilerIdC/CMakeCCompilerId.c:151: CHECK:SPACING: spaces preferred around that '>>' (ctx:VxV)
./cmake-build-debug-wsl/CMakeFiles/3.28.3/CompilerIdC/CMakeCCompilerId.c:155: CHECK:SPACING: spaces preferred around that '>>' (ctx:VxV)
./cmake-build-debug-wsl/CMakeFiles/3.28.3/CompilerIdC/CMakeCCompilerId.c:156: CHECK:SPACING: spaces preferred around that '>>' (ctx:VxV)
./cmake-build-debug-wsl/CMakeFiles/3.28.3/CompilerIdC/CMakeCCompilerId.c:163: CHECK:SPACING: spaces preferred around that '/' (ctx:VxV)
./cmake-build-debug-wsl/CMakeFiles/3.28.3/CompilerIdC/CMakeCCompilerId.c:164: CHECK:SPACING: spaces preferred around that '/' (ctx:VxV)
./cmake-build-debug-wsl/CMakeFiles/3.28.3/CompilerIdC/CMakeCCompilerId.c:170: CHECK:SPACING: spaces preferred around that '/' (ctx:VxV)
./cmake-build-debug-wsl/CMakeFiles/3.28.3/CompilerIdC/CMakeCCompilerId.c:171: CHECK:SPACING: spaces preferred around that '/' (ctx:VxV)
./cmake-build-debug-wsl/CMakeFiles/3.28.3/CompilerIdC/CMakeCCompilerId.c:177: CHECK:SPACING: spaces preferred around that '/' (ctx:VxV)
./cmake-build-debug-wsl/CMakeFiles/3.28.3/CompilerIdC/CMakeCCompilerId.c:178: CHECK:SPACING: spaces preferred around that '/' (ctx:VxV)
./cmake-build-debug-wsl/CMakeFiles/3.28.3/CompilerIdC/CMakeCCompilerId.c:188: CHECK:LINE_SPACING: Please don't use multiple blank lines
./cmake-build-debug-wsl/CMakeFiles/3.28.3/CompilerIdC/CMakeCCompilerId.c:196: CHECK:LINE_SPACING: Please don't use multiple blank lines
./cmake-build-debug-wsl/CMakeFiles/3.28.3/CompilerIdC/CMakeCCompilerId.c:200: CHECK:SPACING: spaces preferred around that '/' (ctx:VxV)
./cmake-build-debug-wsl/CMakeFiles/3.28.3/CompilerIdC/CMakeCCompilerId.c:201: CHECK:SPACING: spaces preferred around that '/' (ctx:VxV)
./cmake-build-debug-wsl/CMakeFiles/3.28.3/CompilerIdC/CMakeCCompilerId.c:207: CHECK:SPACING: spaces preferred around that '/' (ctx:VxV)
./cmake-build-debug-wsl/CMakeFiles/3.28.3/CompilerIdC/CMakeCCompilerId.c:208: CHECK:SPACING: spaces preferred around that '/' (ctx:VxV)
./cmake-build-debug-wsl/CMakeFiles/3.28.3/CompilerIdC/CMakeCCompilerId.c:234: CHECK:LINE_SPACING: Please don't use multiple blank lines
./cmake-build-debug-wsl/CMakeFiles/3.28.3/CompilerIdC/CMakeCCompilerId.c:243: CHECK:SPACING: spaces preferred around that '/' (ctx:VxV)
./cmake-build-debug-wsl/CMakeFiles/3.28.3/CompilerIdC/CMakeCCompilerId.c:244: CHECK:SPACING: spaces preferred around that '/' (ctx:VxV)
./cmake-build-debug-wsl/CMakeFiles/3.28.3/CompilerIdC/CMakeCCompilerId.c:254: CHECK:LINE_SPACING: Please don't use multiple blank lines
./cmake-build-debug-wsl/CMakeFiles/3.28.3/CompilerIdC/CMakeCCompilerId.c:270: CHECK:LINE_SPACING: Please don't use multiple blank lines
./cmake-build-debug-wsl/CMakeFiles/3.28.3/CompilerIdC/CMakeCCompilerId.c:282: CHECK:SPACING: spaces preferred around that '/' (ctx:VxV)
./cmake-build-debug-wsl/CMakeFiles/3.28.3/CompilerIdC/CMakeCCompilerId.c:305: CHECK:SPACING: spaces preferred around that '/' (ctx:VxV)
./cmake-build-debug-wsl/CMakeFiles/3.28.3/CompilerIdC/CMakeCCompilerId.c:306: CHECK:SPACING: spaces preferred around that '/' (ctx:VxV)
./cmake-build-debug-wsl/CMakeFiles/3.28.3/CompilerIdC/CMakeCCompilerId.c:310: CHECK:SPACING: spaces preferred around that '/' (ctx:VxV)
./cmake-build-debug-wsl/CMakeFiles/3.28.3/CompilerIdC/CMakeCCompilerId.c:311: CHECK:SPACING: spaces preferred around that '/' (ctx:VxV)
./cmake-build-debug-wsl/CMakeFiles/3.28.3/CompilerIdC/CMakeCCompilerId.c:315: CHECK:LINE_SPACING: Please don't use multiple blank lines
./cmake-build-debug-wsl/CMakeFiles/3.28.3/CompilerIdC/CMakeCCompilerId.c:333: CHECK:SPACING: spaces preferred around that '/' (ctx:VxV)
./cmake-build-debug-wsl/CMakeFiles/3.28.3/CompilerIdC/CMakeCCompilerId.c:334: CHECK:SPACING: spaces preferred around that '/' (ctx:VxV)
./cmake-build-debug-wsl/CMakeFiles/3.28.3/CompilerIdC/CMakeCCompilerId.c:335: CHECK:SPACING: spaces preferred around that '/' (ctx:VxV)
./cmake-build-debug-wsl/CMakeFiles/3.28.3/CompilerIdC/CMakeCCompilerId.c:352: CHECK:LONG_LINE: line length of 87 exceeds 80 columns
./cmake-build-debug-wsl/CMakeFiles/3.28.3/CompilerIdC/CMakeCCompilerId.c:413: CHECK:LONG_LINE: line length of 239 exceeds 80 columns
./cmake-build-debug-wsl/CMakeFiles/3.28.3/CompilerIdC/CMakeCCompilerId.c:415: CHECK:SPACING: spaces preferred around that '*' (ctx:VxV)
./cmake-build-debug-wsl/CMakeFiles/3.28.3/CompilerIdC/CMakeCCompilerId.c:428: CHECK:SPACING: spaces preferred around that '/' (ctx:VxV)
./cmake-build-debug-wsl/CMakeFiles/3.28.3/CompilerIdC/CMakeCCompilerId.c:429: CHECK:SPACING: spaces preferred around that '/' (ctx:VxV)
./cmake-build-debug-wsl/CMakeFiles/3.28.3/CompilerIdC/CMakeCCompilerId.c:433: CHECK:LINE_SPACING: Please don't use multiple blank lines
./cmake-build-debug-wsl/CMakeFiles/3.28.3/CompilerIdC/CMakeCCompilerId.c:448: ERROR:POINTER_LOCATION: "foo* bar" should be "foo *bar"
./cmake-build-debug-wsl/CMakeFiles/3.28.3/CompilerIdC/CMakeCCompilerId.c:448: WARNING:STRING_FRAGMENTS: Consecutive strings are generally better as a single string
./cmake-build-debug-wsl/CMakeFiles/3.28.3/CompilerIdC/CMakeCCompilerId.c:450: ERROR:POINTER_LOCATION: "foo* bar" should be "foo *bar"
./cmake-build-debug-wsl/CMakeFiles/3.28.3/CompilerIdC/CMakeCCompilerId.c:450: WARNING:STRING_FRAGMENTS: Consecutive strings are generally better as a single string
./cmake-build-debug-wsl/CMakeFiles/3.28.3/CompilerIdC/CMakeCCompilerId.c:454: ERROR:POINTER_LOCATION: "foo* bar" should be "foo *bar"
./cmake-build-debug-wsl/CMakeFiles/3.28.3/CompilerIdC/CMakeCCompilerId.c:454: WARNING:STRING_FRAGMENTS: Consecutive strings are generally better as a single string
./cmake-build-debug-wsl/CMakeFiles/3.28.3/CompilerIdC/CMakeCCompilerId.c:458: WARNING:STRING_FRAGMENTS: Consecutive strings are generally better as a single string
./cmake-build-debug-wsl/CMakeFiles/3.28.3/CompilerIdC/CMakeCCompilerId.c:483: CHECK:CAMELCASE: Avoid CamelCase: <__FreeBSD__>
./cmake-build-debug-wsl/CMakeFiles/3.28.3/CompilerIdC/CMakeCCompilerId.c:483: CHECK:CAMELCASE: Avoid CamelCase: <__FreeBSD>
./cmake-build-debug-wsl/CMakeFiles/3.28.3/CompilerIdC/CMakeCCompilerId.c:486: CHECK:CAMELCASE: Avoid CamelCase: <__NetBSD__>
./cmake-build-debug-wsl/CMakeFiles/3.28.3/CompilerIdC/CMakeCCompilerId.c:486: CHECK:CAMELCASE: Avoid CamelCase: <__NetBSD>
./cmake-build-debug-wsl/CMakeFiles/3.28.3/CompilerIdC/CMakeCCompilerId.c:489: CHECK:CAMELCASE: Avoid CamelCase: <__OpenBSD__>
./cmake-build-debug-wsl/CMakeFiles/3.28.3/CompilerIdC/CMakeCCompilerId.c:495: CHECK:LONG_LINE: line length of 95 exceeds 80 columns
./cmake-build-debug-wsl/CMakeFiles/3.28.3/CompilerIdC/CMakeCCompilerId.c:504: CHECK:CAMELCASE: Avoid CamelCase: <__BeOS>
./cmake-build-debug-wsl/CMakeFiles/3.28.3/CompilerIdC/CMakeCCompilerId.c:734: ERROR:COMPLEX_MACRO: Macros with complex values should be enclosed in parentheses
./cmake-build-debug-wsl/CMakeFiles/3.28.3/CompilerIdC/CMakeCCompilerId.c:734: CHECK:MACRO_ARG_REUSE: Macro argument reuse 'n' - possible side-effects?
./cmake-build-debug-wsl/CMakeFiles/3.28.3/CompilerIdC/CMakeCCompilerId.c:735: WARNING:LEADING_SPACE: please, no spaces at the start of a line
./cmake-build-debug-wsl/CMakeFiles/3.28.3/CompilerIdC/CMakeCCompilerId.c:735: CHECK:SPACING: spaces preferred around that '%' (ctx:VxV)
./cmake-build-debug-wsl/CMakeFiles/3.28.3/CompilerIdC/CMakeCCompilerId.c:736: WARNING:LEADING_SPACE: please, no spaces at the start of a line
./cmake-build-debug-wsl/CMakeFiles/3.28.3/CompilerIdC/CMakeCCompilerId.c:736: CHECK:SPACING: spaces preferred around that '%' (ctx:VxV)
./cmake-build-debug-wsl/CMakeFiles/3.28.3/CompilerIdC/CMakeCCompilerId.c:737: WARNING:LEADING_SPACE: please, no spaces at the start of a line
./cmake-build-debug-wsl/CMakeFiles/3.28.3/CompilerIdC/CMakeCCompilerId.c:737: CHECK:SPACING: spaces preferred around that '%' (ctx:VxV)
./cmake-build-debug-wsl/CMakeFiles/3.28.3/CompilerIdC/CMakeCCompilerId.c:738: WARNING:LEADING_SPACE: please, no spaces at the start of a line
./cmake-build-debug-wsl/CMakeFiles/3.28.3/CompilerIdC/CMakeCCompilerId.c:738: CHECK:SPACING: spaces preferred around that '%' (ctx:VxV)
./cmake-build-debug-wsl/CMakeFiles/3.28.3/CompilerIdC/CMakeCCompilerId.c:739: WARNING:LEADING_SPACE: please, no spaces at the start of a line
./cmake-build-debug-wsl/CMakeFiles/3.28.3/CompilerIdC/CMakeCCompilerId.c:739: CHECK:SPACING: spaces preferred around that '%' (ctx:VxV)
./cmake-build-debug-wsl/CMakeFiles/3.28.3/CompilerIdC/CMakeCCompilerId.c:740: WARNING:LEADING_SPACE: please, no spaces at the start of a line
./cmake-build-debug-wsl/CMakeFiles/3.28.3/CompilerIdC/CMakeCCompilerId.c:740: CHECK:SPACING: spaces preferred around that '%' (ctx:VxV)
./cmake-build-debug-wsl/CMakeFiles/3.28.3/CompilerIdC/CMakeCCompilerId.c:741: WARNING:LEADING_SPACE: please, no spaces at the start of a line
./cmake-build-debug-wsl/CMakeFiles/3.28.3/CompilerIdC/CMakeCCompilerId.c:741: CHECK:SPACING: spaces preferred around that '%' (ctx:VxV)
./cmake-build-debug-wsl/CMakeFiles/3.28.3/CompilerIdC/CMakeCCompilerId.c:742: WARNING:LEADING_SPACE: please, no spaces at the start of a line
./cmake-build-debug-wsl/CMakeFiles/3.28.3/CompilerIdC/CMakeCCompilerId.c:745: ERROR:COMPLEX_MACRO: Macros with complex values should be enclosed in parentheses
./cmake-build-debug-wsl/CMakeFiles/3.28.3/CompilerIdC/CMakeCCompilerId.c:745: CHECK:MACRO_ARG_REUSE: Macro argument reuse 'n' - possible side-effects?
./cmake-build-debug-wsl/CMakeFiles/3.28.3/CompilerIdC/CMakeCCompilerId.c:746: WARNING:LEADING_SPACE: please, no spaces at the start of a line
./cmake-build-debug-wsl/CMakeFiles/3.28.3/CompilerIdC/CMakeCCompilerId.c:746: CHECK:SPACING: spaces preferred around that '>>' (ctx:VxV)
./cmake-build-debug-wsl/CMakeFiles/3.28.3/CompilerIdC/CMakeCCompilerId.c:747: WARNING:LEADING_SPACE: please, no spaces at the start of a line
./cmake-build-debug-wsl/CMakeFiles/3.28.3/CompilerIdC/CMakeCCompilerId.c:747: CHECK:SPACING: spaces preferred around that '>>' (ctx:VxV)
./cmake-build-debug-wsl/CMakeFiles/3.28.3/CompilerIdC/CMakeCCompilerId.c:748: WARNING:LEADING_SPACE: please, no spaces at the start of a line
./cmake-build-debug-wsl/CMakeFiles/3.28.3/CompilerIdC/CMakeCCompilerId.c:748: CHECK:SPACING: spaces preferred around that '>>' (ctx:VxV)
./cmake-build-debug-wsl/CMakeFiles/3.28.3/CompilerIdC/CMakeCCompilerId.c:749: WARNING:LEADING_SPACE: please, no spaces at the start of a line
./cmake-build-debug-wsl/CMakeFiles/3.28.3/CompilerIdC/CMakeCCompilerId.c:749: CHECK:SPACING: spaces preferred around that '>>' (ctx:VxV)
./cmake-build-debug-wsl/CMakeFiles/3.28.3/CompilerIdC/CMakeCCompilerId.c:750: WARNING:LEADING_SPACE: please, no spaces at the start of a line
./cmake-build-debug-wsl/CMakeFiles/3.28.3/CompilerIdC/CMakeCCompilerId.c:750: CHECK:SPACING: spaces preferred around that '>>' (ctx:VxV)
./cmake-build-debug-wsl/CMakeFiles/3.28.3/CompilerIdC/CMakeCCompilerId.c:751: WARNING:LEADING_SPACE: please, no spaces at the start of a line
./cmake-build-debug-wsl/CMakeFiles/3.28.3/CompilerIdC/CMakeCCompilerId.c:751: CHECK:SPACING: spaces preferred around that '>>' (ctx:VxV)
./cmake-build-debug-wsl/CMakeFiles/3.28.3/CompilerIdC/CMakeCCompilerId.c:752: WARNING:LEADING_SPACE: please, no spaces at the start of a line
./cmake-build-debug-wsl/CMakeFiles/3.28.3/CompilerIdC/CMakeCCompilerId.c:752: CHECK:SPACING: spaces preferred around that '>>' (ctx:VxV)
./cmake-build-debug-wsl/CMakeFiles/3.28.3/CompilerIdC/CMakeCCompilerId.c:753: WARNING:LEADING_SPACE: please, no spaces at the start of a line
./cmake-build-debug-wsl/CMakeFiles/3.28.3/CompilerIdC/CMakeCCompilerId.c:757: ERROR:POINTER_LOCATION: "foo* bar" should be "foo *bar"
./cmake-build-debug-wsl/CMakeFiles/3.28.3/CompilerIdC/CMakeCCompilerId.c:757: WARNING:STRING_FRAGMENTS: Consecutive strings are generally better as a single string
./cmake-build-debug-wsl/CMakeFiles/3.28.3/CompilerIdC/CMakeCCompilerId.c:762: WARNING:LEADING_SPACE: please, no spaces at the start of a line
./cmake-build-debug-wsl/CMakeFiles/3.28.3/CompilerIdC/CMakeCCompilerId.c:763: WARNING:LEADING_SPACE: please, no spaces at the start of a line
./cmake-build-debug-wsl/CMakeFiles/3.28.3/CompilerIdC/CMakeCCompilerId.c:763: ERROR:SPACING: space required after that ',' (ctx:VxV)
./cmake-build-debug-wsl/CMakeFiles/3.28.3/CompilerIdC/CMakeCCompilerId.c:763: ERROR:SPACING: space required after that ',' (ctx:VxV)
./cmake-build-debug-wsl/CMakeFiles/3.28.3/CompilerIdC/CMakeCCompilerId.c:763: ERROR:SPACING: space required after that ',' (ctx:VxV)
./cmake-build-debug-wsl/CMakeFiles/3.28.3/CompilerIdC/CMakeCCompilerId.c:763: ERROR:SPACING: space required after that ',' (ctx:VxV)
./cmake-build-debug-wsl/CMakeFiles/3.28.3/CompilerIdC/CMakeCCompilerId.c:763: ERROR:SPACING: space required after that ',' (ctx:VxV)
./cmake-build-debug-wsl/CMakeFiles/3.28.3/CompilerIdC/CMakeCCompilerId.c:763: ERROR:SPACING: space required after that ',' (ctx:VxV)
./cmake-build-debug-wsl/CMakeFiles/3.28.3/CompilerIdC/CMakeCCompilerId.c:763: ERROR:SPACING: space required after that ',' (ctx:VxV)
./cmake-build-debug-wsl/CMakeFiles/3.28.3/CompilerIdC/CMakeCCompilerId.c:763: ERROR:SPACING: space required after that ',' (ctx:VxV)
./cmake-build-debug-wsl/CMakeFiles/3.28.3/CompilerIdC/CMakeCCompilerId.c:763: ERROR:SPACING: space required after that ',' (ctx:VxV)
./cmake-build-debug-wsl/CMakeFiles/3.28.3/CompilerIdC/CMakeCCompilerId.c:763: ERROR:SPACING: space required after that ',' (ctx:VxV)
./cmake-build-debug-wsl/CMakeFiles/3.28.3/CompilerIdC/CMakeCCompilerId.c:763: ERROR:SPACING: space required after that ',' (ctx:VxV)
./cmake-build-debug-wsl/CMakeFiles/3.28.3/CompilerIdC/CMakeCCompilerId.c:763: ERROR:SPACING: space required after that ',' (ctx:VxV)
./cmake-build-debug-wsl/CMakeFiles/3.28.3/CompilerIdC/CMakeCCompilerId.c:763: ERROR:SPACING: space required after that ',' (ctx:VxV)
./cmake-build-debug-wsl/CMakeFiles/3.28.3/CompilerIdC/CMakeCCompilerId.c:763: ERROR:SPACING: space required after that ',' (ctx:VxV)
./cmake-build-debug-wsl/CMakeFiles/3.28.3/CompilerIdC/CMakeCCompilerId.c:763: ERROR:SPACING: space required after that ',' (ctx:VxV)
./cmake-build-debug-wsl/CMakeFiles/3.28.3/CompilerIdC/CMakeCCompilerId.c:763: ERROR:SPACING: space required after that ',' (ctx:VxV)
./cmake-build-debug-wsl/CMakeFiles/3.28.3/CompilerIdC/CMakeCCompilerId.c:764: WARNING:LEADING_SPACE: please, no spaces at the start of a line
./cmake-build-debug-wsl/CMakeFiles/3.28.3/CompilerIdC/CMakeCCompilerId.c:766: WARNING:LEADING_SPACE: please, no spaces at the start of a line
./cmake-build-debug-wsl/CMakeFiles/3.28.3/CompilerIdC/CMakeCCompilerId.c:768: WARNING:LEADING_SPACE: please, no spaces at the start of a line
./cmake-build-debug-wsl/CMakeFiles/3.28.3/CompilerIdC/CMakeCCompilerId.c:770: WARNING:LEADING_SPACE: please, no spaces at the start of a line
./cmake-build-debug-wsl/CMakeFiles/3.28.3/CompilerIdC/CMakeCCompilerId.c:774: WARNING:LEADING_SPACE: please, no spaces at the start of a line
./cmake-build-debug-wsl/CMakeFiles/3.28.3/CompilerIdC/CMakeCCompilerId.c:774: ERROR:SPACING: space required after that ',' (ctx:VxV)
./cmake-build-debug-wsl/CMakeFiles/3.28.3/CompilerIdC/CMakeCCompilerId.c:780: WARNING:LEADING_SPACE: please, no spaces at the start of a line
./cmake-build-debug-wsl/CMakeFiles/3.28.3/CompilerIdC/CMakeCCompilerId.c:781: WARNING:LEADING_SPACE: please, no spaces at the start of a line
./cmake-build-debug-wsl/CMakeFiles/3.28.3/CompilerIdC/CMakeCCompilerId.c:781: ERROR:SPACING: space required after that ',' (ctx:VxV)
./cmake-build-debug-wsl/CMakeFiles/3.28.3/CompilerIdC/CMakeCCompilerId.c:781: ERROR:SPACING: space required after that ',' (ctx:VxV)
./cmake-build-debug-wsl/CMakeFiles/3.28.3/CompilerIdC/CMakeCCompilerId.c:781: ERROR:SPACING: space required after that ',' (ctx:VxV)
./cmake-build-debug-wsl/CMakeFiles/3.28.3/CompilerIdC/CMakeCCompilerId.c:781: ERROR:SPACING: space required after that ',' (ctx:VxV)
./cmake-build-debug-wsl/CMakeFiles/3.28.3/CompilerIdC/CMakeCCompilerId.c:781: ERROR:SPACING: space required after that ',' (ctx:VxV)
./cmake-build-debug-wsl/CMakeFiles/3.28.3/CompilerIdC/CMakeCCompilerId.c:781: ERROR:SPACING: space required after that ',' (ctx:VxV)
./cmake-build-debug-wsl/CMakeFiles/3.28.3/CompilerIdC/CMakeCCompilerId.c:781: ERROR:SPACING: space required after that ',' (ctx:VxV)
./cmake-build-debug-wsl/CMakeFiles/3.28.3/CompilerIdC/CMakeCCompilerId.c:781: ERROR:SPACING: space required after that ',' (ctx:VxV)
./cmake-build-debug-wsl/CMakeFiles/3.28.3/CompilerIdC/CMakeCCompilerId.c:781: ERROR:SPACING: space required after that ',' (ctx:VxV)
./cmake-build-debug-wsl/CMakeFiles/3.28.3/CompilerIdC/CMakeCCompilerId.c:781: ERROR:SPACING: space required after that ',' (ctx:VxV)
./cmake-build-debug-wsl/CMakeFiles/3.28.3/CompilerIdC/CMakeCCompilerId.c:781: ERROR:SPACING: space required after that ',' (ctx:VxV)
./cmake-build-debug-wsl/CMakeFiles/3.28.3/CompilerIdC/CMakeCCompilerId.c:781: ERROR:SPACING: space required after that ',' (ctx:VxV)
./cmake-build-debug-wsl/CMakeFiles/3.28.3/CompilerIdC/CMakeCCompilerId.c:781: ERROR:SPACING: space required after that ',' (ctx:VxV)
./cmake-build-debug-wsl/CMakeFiles/3.28.3/CompilerIdC/CMakeCCompilerId.c:781: ERROR:SPACING: space required after that ',' (ctx:VxV)
./cmake-build-debug-wsl/CMakeFiles/3.28.3/CompilerIdC/CMakeCCompilerId.c:781: ERROR:SPACING: space required after that ',' (ctx:VxV)
./cmake-build-debug-wsl/CMakeFiles/3.28.3/CompilerIdC/CMakeCCompilerId.c:781: ERROR:SPACING: space required after that ',' (ctx:VxV)
./cmake-build-debug-wsl/CMakeFiles/3.28.3/CompilerIdC/CMakeCCompilerId.c:782: WARNING:LEADING_SPACE: please, no spaces at the start of a line
./cmake-build-debug-wsl/CMakeFiles/3.28.3/CompilerIdC/CMakeCCompilerId.c:782: ERROR:SPACING: space required after that ',' (ctx:VxV)
./cmake-build-debug-wsl/CMakeFiles/3.28.3/CompilerIdC/CMakeCCompilerId.c:782: ERROR:SPACING: space required after that ',' (ctx:VxV)
./cmake-build-debug-wsl/CMakeFiles/3.28.3/CompilerIdC/CMakeCCompilerId.c:782: ERROR:SPACING: space required after that ',' (ctx:VxV)
./cmake-build-debug-wsl/CMakeFiles/3.28.3/CompilerIdC/CMakeCCompilerId.c:782: ERROR:SPACING: space required after that ',' (ctx:VxV)
./cmake-build-debug-wsl/CMakeFiles/3.28.3/CompilerIdC/CMakeCCompilerId.c:782: ERROR:SPACING: space required after that ',' (ctx:VxV)
./cmake-build-debug-wsl/CMakeFiles/3.28.3/CompilerIdC/CMakeCCompilerId.c:782: ERROR:SPACING: space required after that ',' (ctx:VxV)
./cmake-build-debug-wsl/CMakeFiles/3.28.3/CompilerIdC/CMakeCCompilerId.c:782: ERROR:SPACING: space required after that ',' (ctx:VxV)
./cmake-build-debug-wsl/CMakeFiles/3.28.3/CompilerIdC/CMakeCCompilerId.c:782: ERROR:SPACING: space required after that ',' (ctx:VxV)
./cmake-build-debug-wsl/CMakeFiles/3.28.3/CompilerIdC/CMakeCCompilerId.c:783: WARNING:LEADING_SPACE: please, no spaces at the start of a line
./cmake-build-debug-wsl/CMakeFiles/3.28.3/CompilerIdC/CMakeCCompilerId.c:783: ERROR:SPACING: space required after that ',' (ctx:VxV)
./cmake-build-debug-wsl/CMakeFiles/3.28.3/CompilerIdC/CMakeCCompilerId.c:783: ERROR:SPACING: space required after that ',' (ctx:VxV)
./cmake-build-debug-wsl/CMakeFiles/3.28.3/CompilerIdC/CMakeCCompilerId.c:785: CHECK:LONG_LINE: line length of 110 exceeds 80 columns
./cmake-build-debug-wsl/CMakeFiles/3.28.3/CompilerIdC/CMakeCCompilerId.c:785: ERROR:POINTER_LOCATION: "foo* bar" should be "foo *bar"
./cmake-build-debug-wsl/CMakeFiles/3.28.3/CompilerIdC/CMakeCCompilerId.c:785: WARNING:STRING_FRAGMENTS: Consecutive strings are generally better as a single string
./cmake-build-debug-wsl/CMakeFiles/3.28.3/CompilerIdC/CMakeCCompilerId.c:791: WARNING:LEADING_SPACE: please, no spaces at the start of a line
./cmake-build-debug-wsl/CMakeFiles/3.28.3/CompilerIdC/CMakeCCompilerId.c:792: WARNING:LEADING_SPACE: please, no spaces at the start of a line
./cmake-build-debug-wsl/CMakeFiles/3.28.3/CompilerIdC/CMakeCCompilerId.c:792: ERROR:SPACING: space required after that ',' (ctx:VxV)
./cmake-build-debug-wsl/CMakeFiles/3.28.3/CompilerIdC/CMakeCCompilerId.c:792: ERROR:SPACING: space required after that ',' (ctx:VxV)
./cmake-build-debug-wsl/CMakeFiles/3.28.3/CompilerIdC/CMakeCCompilerId.c:792: ERROR:SPACING: space required after that ',' (ctx:VxV)
./cmake-build-debug-wsl/CMakeFiles/3.28.3/CompilerIdC/CMakeCCompilerId.c:792: ERROR:SPACING: space required after that ',' (ctx:VxV)
./cmake-build-debug-wsl/CMakeFiles/3.28.3/CompilerIdC/CMakeCCompilerId.c:792: ERROR:SPACING: space required after that ',' (ctx:VxV)
./cmake-build-debug-wsl/CMakeFiles/3.28.3/CompilerIdC/CMakeCCompilerId.c:792: ERROR:SPACING: space required after that ',' (ctx:VxV)
./cmake-build-debug-wsl/CMakeFiles/3.28.3/CompilerIdC/CMakeCCompilerId.c:792: ERROR:SPACING: space required after that ',' (ctx:VxV)
./cmake-build-debug-wsl/CMakeFiles/3.28.3/CompilerIdC/CMakeCCompilerId.c:792: ERROR:SPACING: space required after that ',' (ctx:VxV)
./cmake-build-debug-wsl/CMakeFiles/3.28.3/CompilerIdC/CMakeCCompilerId.c:792: ERROR:SPACING: space required after that ',' (ctx:VxV)
./cmake-build-debug-wsl/CMakeFiles/3.28.3/CompilerIdC/CMakeCCompilerId.c:792: ERROR:SPACING: space required after that ',' (ctx:VxV)
./cmake-build-debug-wsl/CMakeFiles/3.28.3/CompilerIdC/CMakeCCompilerId.c:792: ERROR:SPACING: space required after that ',' (ctx:VxV)
./cmake-build-debug-wsl/CMakeFiles/3.28.3/CompilerIdC/CMakeCCompilerId.c:792: ERROR:SPACING: space required after that ',' (ctx:VxV)
./cmake-build-debug-wsl/CMakeFiles/3.28.3/CompilerIdC/CMakeCCompilerId.c:792: ERROR:SPACING: space required after that ',' (ctx:VxV)
./cmake-build-debug-wsl/CMakeFiles/3.28.3/CompilerIdC/CMakeCCompilerId.c:792: ERROR:SPACING: space required after that ',' (ctx:VxV)
./cmake-build-debug-wsl/CMakeFiles/3.28.3/CompilerIdC/CMakeCCompilerId.c:792: ERROR:SPACING: space required after that ',' (ctx:VxV)
./cmake-build-debug-wsl/CMakeFiles/3.28.3/CompilerIdC/CMakeCCompilerId.c:792: ERROR:SPACING: space required after that ',' (ctx:VxV)
./cmake-build-debug-wsl/CMakeFiles/3.28.3/CompilerIdC/CMakeCCompilerId.c:793: WARNING:LEADING_SPACE: please, no spaces at the start of a line
./cmake-build-debug-wsl/CMakeFiles/3.28.3/CompilerIdC/CMakeCCompilerId.c:795: WARNING:LEADING_SPACE: please, no spaces at the start of a line
./cmake-build-debug-wsl/CMakeFiles/3.28.3/CompilerIdC/CMakeCCompilerId.c:797: WARNING:LEADING_SPACE: please, no spaces at the start of a line
./cmake-build-debug-wsl/CMakeFiles/3.28.3/CompilerIdC/CMakeCCompilerId.c:799: WARNING:LEADING_SPACE: please, no spaces at the start of a line
./cmake-build-debug-wsl/CMakeFiles/3.28.3/CompilerIdC/CMakeCCompilerId.c:803: WARNING:LEADING_SPACE: please, no spaces at the start of a line
./cmake-build-debug-wsl/CMakeFiles/3.28.3/CompilerIdC/CMakeCCompilerId.c:803: ERROR:SPACING: space required after that ',' (ctx:VxV)
./cmake-build-debug-wsl/CMakeFiles/3.28.3/CompilerIdC/CMakeCCompilerId.c:810: ERROR:POINTER_LOCATION: "foo* bar" should be "foo *bar"
./cmake-build-debug-wsl/CMakeFiles/3.28.3/CompilerIdC/CMakeCCompilerId.c:810: WARNING:STRING_FRAGMENTS: Consecutive strings are generally better as a single string
./cmake-build-debug-wsl/CMakeFiles/3.28.3/CompilerIdC/CMakeCCompilerId.c:811: ERROR:POINTER_LOCATION: "foo* bar" should be "foo *bar"
./cmake-build-debug-wsl/CMakeFiles/3.28.3/CompilerIdC/CMakeCCompilerId.c:811: WARNING:STRING_FRAGMENTS: Consecutive strings are generally better as a single string
./cmake-build-debug-wsl/CMakeFiles/3.28.3/CompilerIdC/CMakeCCompilerId.c:813: CHECK:LINE_SPACING: Please don't use multiple blank lines
./cmake-build-debug-wsl/CMakeFiles/3.28.3/CompilerIdC/CMakeCCompilerId.c:832: ERROR:POINTER_LOCATION: "foo* bar" should be "foo *bar"
./cmake-build-debug-wsl/CMakeFiles/3.28.3/CompilerIdC/CMakeCCompilerId.c:833: WARNING:LEADING_SPACE: please, no spaces at the start of a line
./cmake-build-debug-wsl/CMakeFiles/3.28.3/CompilerIdC/CMakeCCompilerId.c:833: WARNING:STRING_FRAGMENTS: Consecutive strings are generally better as a single string
./cmake-build-debug-wsl/CMakeFiles/3.28.3/CompilerIdC/CMakeCCompilerId.c:835: ERROR:POINTER_LOCATION: "foo* bar" should be "foo *bar"
./cmake-build-debug-wsl/CMakeFiles/3.28.3/CompilerIdC/CMakeCCompilerId.c:835: WARNING:STRING_FRAGMENTS: Consecutive strings are generally better as a single string
./cmake-build-debug-wsl/CMakeFiles/3.28.3/CompilerIdC/CMakeCCompilerId.c:837: WARNING:LEADING_SPACE: please, no spaces at the start of a line
./cmake-build-debug-wsl/CMakeFiles/3.28.3/CompilerIdC/CMakeCCompilerId.c:838: WARNING:LEADING_SPACE: please, no spaces at the start of a line
./cmake-build-debug-wsl/CMakeFiles/3.28.3/CompilerIdC/CMakeCCompilerId.c:839: WARNING:LEADING_SPACE: please, no spaces at the start of a line
./cmake-build-debug-wsl/CMakeFiles/3.28.3/CompilerIdC/CMakeCCompilerId.c:841: WARNING:LEADING_SPACE: please, no spaces at the start of a line
./cmake-build-debug-wsl/CMakeFiles/3.28.3/CompilerIdC/CMakeCCompilerId.c:848: ERROR:FUNCTION_WITHOUT_ARGS: Bad function definition - void main() should probably be void main(void)
./cmake-build-debug-wsl/CMakeFiles/3.28.3/CompilerIdC/CMakeCCompilerId.c:853: ERROR:POINTER_LOCATION: "foo* bar" should be "foo *bar"
./cmake-build-debug-wsl/CMakeFiles/3.28.3/CompilerIdC/CMakeCCompilerId.c:856: WARNING:LEADING_SPACE: please, no spaces at the start of a line
./cmake-build-debug-wsl/CMakeFiles/3.28.3/CompilerIdC/CMakeCCompilerId.c:857: WARNING:LEADING_SPACE: please, no spaces at the start of a line
./cmake-build-debug-wsl/CMakeFiles/3.28.3/CompilerIdC/CMakeCCompilerId.c:858: WARNING:LEADING_SPACE: please, no spaces at the start of a line
./cmake-build-debug-wsl/CMakeFiles/3.28.3/CompilerIdC/CMakeCCompilerId.c:859: WARNING:LEADING_SPACE: please, no spaces at the start of a line
./cmake-build-debug-wsl/CMakeFiles/3.28.3/CompilerIdC/CMakeCCompilerId.c:861: WARNING:LEADING_SPACE: please, no spaces at the start of a line
./cmake-build-debug-wsl/CMakeFiles/3.28.3/CompilerIdC/CMakeCCompilerId.c:864: WARNING:LEADING_SPACE: please, no spaces at the start of a line
./cmake-build-debug-wsl/CMakeFiles/3.28.3/CompilerIdC/CMakeCCompilerId.c:867: WARNING:LEADING_SPACE: please, no spaces at the start of a line
./cmake-build-debug-wsl/CMakeFiles/3.28.3/CompilerIdC/CMakeCCompilerId.c:870: WARNING:LEADING_SPACE: please, no spaces at the start of a line
./cmake-build-debug-wsl/CMakeFiles/3.28.3/CompilerIdC/CMakeCCompilerId.c:873: WARNING:LEADING_SPACE: please, no spaces at the start of a line
./cmake-build-debug-wsl/CMakeFiles/3.28.3/CompilerIdC/CMakeCCompilerId.c:875: WARNING:LEADING_SPACE: please, no spaces at the start of a line
./cmake-build-debug-wsl/CMakeFiles/3.28.3/CompilerIdC/CMakeCCompilerId.c:876: WARNING:LEADING_SPACE: please, no spaces at the start of a line
./cmake-build-debug-wsl/CMakeFiles/3.28.3/CompilerIdC/CMakeCCompilerId.c:877: WARNING:LEADING_SPACE: please, no spaces at the start of a line
./cmake-build-debug-wsl/CMakeFiles/3.28.3/CompilerIdC/CMakeCCompilerId.c:878: WARNING:LEADING_SPACE: please, no spaces at the start of a line
./cs/tests/01-BRACES.c:5: ERROR:OPEN_BRACE: open brace '{' following function definitions go on the next line
./cs/tests/01-BRACES.c:7: ERROR:OPEN_BRACE: that open brace { should be on the previous line
./cs/tests/01-BRACES.c:12: WARNING:BRACES: braces {} are not necessary for single statement blocks
./cs/tests/02-SUSPECT_CODE_INDENT.c:4: WARNING:SUSPECT_CODE_INDENT: suspect code indent for conditional statements (4, 4)
./cs/tests/03-FUNCTION_WITHOUT_ARGS.c:1: ERROR:FUNCTION_WITHOUT_ARGS: Bad function definition - int main() should probably be int main(void)
./cs/tests/04-BLANK_LINES.c:5: CHECK:LINE_SPACING: Please use a blank line after function/struct/union/enum declarations
./cs/tests/04-BLANK_LINES.c:9: CHECK:LINE_SPACING: Please use a blank line after function/struct/union/enum declarations
./cs/tests/04-BLANK_LINES.c:11: CHECK:BRACES: Blank lines aren't necessary after an open brace '{'
./cs/tests/04-BLANK_LINES.c:12: CHECK:LINE_SPACING: Please don't use multiple blank lines
./cs/tests/04-BLANK_LINES.c:15: CHECK:LINE_SPACING: Please don't use multiple blank lines
./cs/tests/05-TABS.c:3: WARNING:LEADING_SPACE: please, no spaces at the start of a line
./cs/tests/05-TABS.c:8: ERROR:CODE_INDENT: code indent should use tabs where possible
./cs/tests/05-TABS.c:8: WARNING:LEADING_SPACE: please, no spaces at the start of a line
./cs/tests/06-TRAILING_WHITESPACE.c:3: ERROR:TRAILING_WHITESPACE: trailing whitespace
./cs/tests/06-TRAILING_WHITESPACE.c:7: ERROR:TRAILING_WHITESPACE: trailing whitespace
./cs/tests/06-TRAILING_WHITESPACE.c:8: ERROR:TRAILING_WHITESPACE: trailing whitespace
./cs/tests/06-TRAILING_WHITESPACE.c:9: ERROR:TRAILING_WHITESPACE: trailing whitespace
./cs/tests/06-TRAILING_WHITESPACE.c:12: ERROR:TRAILING_WHITESPACE: trailing whitespace
./cs/tests/07-MISSING_WHITESPACE.c:4: ERROR:SPACING: space required after that ',' (ctx:VxO)
./cs/tests/07-MISSING_WHITESPACE.c:4: ERROR:SPACING: space required before that '&' (ctx:OxV)
./cs/tests/07-MISSING_WHITESPACE.c:6: ERROR:SPACING: spaces required around that '=' (ctx:VxV)
./cs/tests/07-MISSING_WHITESPACE.c:7: ERROR:SPACING: spaces required around that '=' (ctx:WxV)
./cs/tests/07-MISSING_WHITESPACE.c:8: ERROR:SPACING: spaces required around that '=' (ctx:VxV)
./cs/tests/07-MISSING_WHITESPACE.c:8: ERROR:SPACING: space required after that ';' (ctx:VxV)
./cs/tests/07-MISSING_WHITESPACE.c:8: ERROR:SPACING: spaces required around that '<' (ctx:VxV)
./cs/tests/07-MISSING_WHITESPACE.c:8: ERROR:SPACING: space required after that ';' (ctx:VxO)
./cs/tests/07-MISSING_WHITESPACE.c:8: ERROR:SPACING: space required before the open brace '{'
./cs/tests/07-MISSING_WHITESPACE.c:8: ERROR:SPACING: space required before the open parenthesis '('
./cs/tests/07-MISSING_WHITESPACE.c:12: ERROR:SPACING: spaces required around that '+=' (ctx:VxV)
./cs/tests/07-MISSING_WHITESPACE.c:13: ERROR:SPACING: spaces required around that '=' (ctx:VxV)
./cs/tests/07-MISSING_WHITESPACE.c:13: CHECK:SPACING: spaces preferred around that '*' (ctx:VxV)
./cs/tests/07-MISSING_WHITESPACE.c:16: ERROR:SPACING: spaces required around that '>' (ctx:VxV)
./cs/tests/07-MISSING_WHITESPACE.c:16: ERROR:SPACING: spaces required around that '&&' (ctx:VxV)
./cs/tests/07-MISSING_WHITESPACE.c:16: ERROR:SPACING: spaces required around that '>' (ctx:VxV)
./cs/tests/07-MISSING_WHITESPACE.c:17: ERROR:SPACING: spaces required around that '=' (ctx:VxV)
./cs/tests/07-MISSING_WHITESPACE.c:19: ERROR:SPACING: space required before the open brace '{'
./cs/tests/07-MISSING_WHITESPACE.c:19: ERROR:SPACING: space required before the open parenthesis '('
./cs/tests/07-MISSING_WHITESPACE.c:24: ERROR:SPACING: space required before the open brace '{'
./cs/tests/07-MISSING_WHITESPACE.c:27: ERROR:SPACING: space required after that close brace '}'
./cs/tests/07-MISSING_WHITESPACE.c:27: ERROR:SPACING: space required before the open parenthesis '('
./cs/tests/08-EXTRA_WHITESPACE.c:3: WARNING:SPACING: space prohibited before semicolon
./cs/tests/08-EXTRA_WHITESPACE.c:4: WARNING:SPACING: space prohibited between function name and open parenthesis '('
./cs/tests/08-EXTRA_WHITESPACE.c:4: ERROR:SPACING: space prohibited before that ',' (ctx:WxW)
./cs/tests/08-EXTRA_WHITESPACE.c:4: ERROR:SPACING: space prohibited before that close parenthesis ')'
./cs/tests/08-EXTRA_WHITESPACE.c:8: ERROR:SPACING: space required one side of that '++' (ctx:WxW)
./cs/tests/08-EXTRA_WHITESPACE.c:9: WARNING:SPACING: space prohibited before semicolon
./cs/tests/08-EXTRA_WHITESPACE.c:10: WARNING:SPACING: space prohibited between function name and open parenthesis '('
./cs/tests/08-EXTRA_WHITESPACE.c:10: ERROR:SPACING: space prohibited before that ',' (ctx:WxW)
./cs/tests/08-EXTRA_WHITESPACE.c:10: ERROR:SPACING: space prohibited after that open parenthesis '('
./cs/tests/08-EXTRA_WHITESPACE.c:10: ERROR:SPACING: space prohibited before that close parenthesis ')'
./cs/tests/08-EXTRA_WHITESPACE.c:11: WARNING:SPACING: space prohibited between function name and open parenthesis '('
./cs/tests/08-EXTRA_WHITESPACE.c:11: ERROR:SPACING: space prohibited after that open parenthesis '('
./cs/tests/08-EXTRA_WHITESPACE.c:11: ERROR:SPACING: space prohibited before that close parenthesis ')'
./cs/tests/08-EXTRA_WHITESPACE.c:19: ERROR:SPACING: space prohibited after that open parenthesis '('
./cs/tests/08-EXTRA_WHITESPACE.c:19: ERROR:SPACING: space prohibited before that close parenthesis ')'
./cs/tests/08-EXTRA_WHITESPACE.c:20: WARNING:SPACING: space prohibited between function name and open parenthesis '('
./cs/tests/08-EXTRA_WHITESPACE.c:20: WARNING:SPACING: space prohibited before semicolon
./cs/tests/08-EXTRA_WHITESPACE.c:20: ERROR:SPACING: space prohibited before that close parenthesis ')'
./cs/tests/08-EXTRA_WHITESPACE.c:21: WARNING:SPACING: space prohibited between function name and open parenthesis '('
./cs/tests/08-EXTRA_WHITESPACE.c:21: WARNING:SPACING: space prohibited before semicolon
./cs/tests/08-EXTRA_WHITESPACE.c:21: ERROR:SPACING: space prohibited before that close parenthesis ')'
./cs/tests/08-EXTRA_WHITESPACE.c:25: WARNING:SPACING: space prohibited before semicolon
./cs/tests/08-EXTRA_WHITESPACE.c:25: ERROR:SPACING: space prohibited after that open parenthesis '('
./cs/tests/08-EXTRA_WHITESPACE.c:26: WARNING:SPACING: space prohibited before semicolon
./cs/tests/08-EXTRA_WHITESPACE.c:26: ERROR:SPACING: space prohibited after that open parenthesis '('
./cs/tests/08-EXTRA_WHITESPACE.c:27: ERROR:SPACING: space prohibited before that close parenthesis ')'
./cs/tests/08-EXTRA_WHITESPACE.c:29: WARNING:SPACING: space prohibited before semicolon
./cs/tests/09-LINE_TOO_LONG.c:3: CHECK:LONG_LINE_STRING: line length of 91 exceeds 80 columns
./cs/tests/10-FUNCTION_TOO_LONG.c:83: WARNING:LONG_FUNCTION: 'func_not_ok' function definition is 81 lines, perhaps refactor
./cs/tests/11-FUNCTION_SIGNATURE_MULTIPLE_LINES.c:2: CHECK:PARENTHESIS_ALIGNMENT: Alignment should match open parenthesis
./src/api/heap.h:14: CHECK:PREFER_KERNEL_TYPES: Prefer kernel type 's64' over 'int64_t'
./src/api/heap.h:16: CHECK:PREFER_KERNEL_TYPES: Prefer kernel type 's64' over 'int64_t'
./src/api/heap.h:21: CHECK:PREFER_KERNEL_TYPES: Prefer kernel type 's64' over 'int64_t'
./src/api/heap.h:22: CHECK:PREFER_KERNEL_TYPES: Prefer kernel type 's64' over 'int64_t'
./src/api/heap.h:26: CHECK:PREFER_KERNEL_TYPES: Prefer kernel type 's64' over 'int64_t'
./src/api/heap.h:27: CHECK:PREFER_KERNEL_TYPES: Prefer kernel type 's64' over 'int64_t'
./src/api/heap.h:32: CHECK:PREFER_KERNEL_TYPES: Prefer kernel type 's64' over 'int64_t'
./src/api/heap.h:37: CHECK:PREFER_KERNEL_TYPES: Prefer kernel type 's64' over 'int64_t'
./src/api/heap.h:38: CHECK:PREFER_KERNEL_TYPES: Prefer kernel type 's64' over 'int64_t'
./src/api/heap.h:39: CHECK:PREFER_KERNEL_TYPES: Prefer kernel type 's64' over 'int64_t'
./src/api/heap.h:44: CHECK:PREFER_KERNEL_TYPES: Prefer kernel type 's64' over 'int64_t'
./src/api/heap.h:46: CHECK:PREFER_KERNEL_TYPES: Prefer kernel type 's64' over 'int64_t'
./src/api/heap.h:48: CHECK:PREFER_KERNEL_TYPES: Prefer kernel type 's64' over 'int64_t'
./src/api/heap.h:58: CHECK:LONG_LINE: line length of 112 exceeds 80 columns
./src/api/heap.h:58: CHECK:PREFER_KERNEL_TYPES: Prefer kernel type 's64' over 'int64_t'
./src/api/heap.h:68: CHECK:LONG_LINE: line length of 82 exceeds 80 columns
./src/api/linked_list.h:19: CHECK:PREFER_KERNEL_TYPES: Prefer kernel type 's64' over 'int64_t'
./src/api/linked_list.h:39: ERROR:POINTER_LOCATION: "foo* bar" should be "foo *bar"
./src/api/linked_list.h:41: ERROR:POINTER_LOCATION: "foo* bar" should be "foo *bar"
./src/api/state_manager.h:19: CHECK:PREFER_KERNEL_TYPES: Prefer kernel type 's64' over 'int64_t'
./src/api/state_manager.h:24: CHECK:PREFER_KERNEL_TYPES: Prefer kernel type 's64' over 'int64_t'
./src/api/state_manager.h:26: CHECK:PREFER_KERNEL_TYPES: Prefer kernel type 's64' over 'int64_t'
./src/api/state_manager.h:28: CHECK:PREFER_KERNEL_TYPES: Prefer kernel type 's64' over 'int64_t'
./src/api/state_manager.h:30: CHECK:PREFER_KERNEL_TYPES: Prefer kernel type 's64' over 'int64_t'
./src/api/state_manager.h:32: CHECK:PREFER_KERNEL_TYPES: Prefer kernel type 's64' over 'int64_t'
./src/api/state_manager.h:34: CHECK:PREFER_KERNEL_TYPES: Prefer kernel type 's64' over 'int64_t'
./src/api/state_manager.h:36: CHECK:PREFER_KERNEL_TYPES: Prefer kernel type 's64' over 'int64_t'
./src/api/utils.h:19: CHECK:MACRO_ARG_REUSE: Macro argument reuse 'a' - possible side-effects?
./src/api/utils.h:19: CHECK:MACRO_ARG_REUSE: Macro argument reuse 'b' - possible side-effects?
./src/api/utils.h:21: CHECK:MACRO_ARG_REUSE: Macro argument reuse 'a' - possible side-effects?
./src/api/utils.h:21: CHECK:MACRO_ARG_REUSE: Macro argument reuse 'b' - possible side-effects?
./src/api/utils.h:23: CHECK:PREFER_KERNEL_TYPES: Prefer kernel type 's64' over 'int64_t'
./src/heap.c:21: WARNING:BRACES: braces {} are not necessary for single statement blocks
./src/heap.c:41: WARNING:BRACES: braces {} are not necessary for single statement blocks
./src/heap.c:59: WARNING:BRACES: braces {} are not necessary for single statement blocks
./src/heap.c:66: CHECK:PREFER_KERNEL_TYPES: Prefer kernel type 's64' over 'int64_t'
./src/heap.c:81: WARNING:BRACES: braces {} are not necessary for single statement blocks
./src/heap.c:81: CHECK:PREFER_KERNEL_TYPES: Prefer kernel type 's64' over 'int64_t'
./src/heap.c:103: CHECK:PREFER_KERNEL_TYPES: Prefer kernel type 's64' over 'int64_t'
./src/heap.c:114: CHECK:PREFER_KERNEL_TYPES: Prefer kernel type 's64' over 'int64_t'
./src/heap.c:124: CHECK:LONG_LINE: line length of 117 exceeds 80 columns
./src/heap.c:124: CHECK:PREFER_KERNEL_TYPES: Prefer kernel type 's64' over 'int64_t'
./src/heap.c:128: CHECK:PREFER_KERNEL_TYPES: Prefer kernel type 's64' over 'int64_t'
./src/heap.c:129: CHECK:PREFER_KERNEL_TYPES: Prefer kernel type 's64' over 'int64_t'
./src/heap.c:131: CHECK:PREFER_KERNEL_TYPES: Prefer kernel type 's64' over 'int64_t'
./src/heap.c:132: CHECK:PREFER_KERNEL_TYPES: Prefer kernel type 's64' over 'int64_t'
./src/heap.c:135: CHECK:PREFER_KERNEL_TYPES: Prefer kernel type 's64' over 'int64_t'
./src/heap.c:140: CHECK:LONG_LINE_COMMENT: line length of 114 exceeds 80 columns
./src/heap.c:156: CHECK:COMPARISON_TO_NULL: Comparison to NULL could be written "current_pool_node"
./src/heap.c:174: CHECK:LONG_LINE_COMMENT: line length of 105 exceeds 80 columns
./src/heap.c:184: CHECK:COMPARISON_TO_NULL: Comparison to NULL could be written "current_pool"
./src/heap.c:188: CHECK:COMPARISON_TO_NULL: Comparison to NULL could be written "!blocks->head"
./src/heap.c:198: WARNING:BRACES: braces {} are not necessary for single statement blocks
./src/heap.c:198: CHECK:COMPARISON_TO_NULL: Comparison to NULL could be written "head_block"
./src/heap.c:214: CHECK:COMPARISON_TO_NULL: Comparison to NULL could be written "current_pool_node"
./src/heap.c:218: CHECK:LONG_LINE: line length of 82 exceeds 80 columns
./src/heap.c:219: CHECK:LONG_LINE: line length of 83 exceeds 80 columns
./src/heap.c:231: CHECK:LINE_SPACING: Please don't use multiple blank lines
./src/heap.c:237: CHECK:COMPARISON_TO_NULL: Comparison to NULL could be written "current_block"
./src/heap.c:241: WARNING:BRACES: braces {} are not necessary for single statement blocks
./src/heap.c:241: CHECK:PREFER_KERNEL_TYPES: Prefer kernel type 's64' over 'int64_t'
./src/heap.c:245: CHECK:PREFER_KERNEL_TYPES: Prefer kernel type 's64' over 'int64_t'
./src/heap.c:255: CHECK:LONG_LINE: line length of 85 exceeds 80 columns
./src/heap.c:256: CHECK:PREFER_KERNEL_TYPES: Prefer kernel type 's64' over 'int64_t'
./src/heap.c:260: WARNING:BRACES: braces {} are not necessary for single statement blocks
./src/heap.c:260: CHECK:PREFER_KERNEL_TYPES: Prefer kernel type 's64' over 'int64_t'
./src/heap.c:266: CHECK:LONG_LINE: line length of 120 exceeds 80 columns
./src/heap.c:279: CHECK:PREFER_KERNEL_TYPES: Prefer kernel type 's64' over 'int64_t'
./src/heap.c:280: CHECK:PREFER_KERNEL_TYPES: Prefer kernel type 's64' over 'int64_t'
./src/heap.c:281: CHECK:PREFER_KERNEL_TYPES: Prefer kernel type 's64' over 'int64_t'
./src/heap.c:288: CHECK:LONG_LINE: line length of 87 exceeds 80 columns
./src/heap.c:295: CHECK:COMPARISON_TO_NULL: Comparison to NULL could be written "pool_node"
./src/heap.c:303: CHECK:LONG_LINE: line length of 100 exceeds 80 columns
./src/heap.c:307: CHECK:COMPARISON_TO_NULL: Comparison to NULL could be written "block_node"
./src/heap.c:320: CHECK:PREFER_KERNEL_TYPES: Prefer kernel type 's64' over 'int64_t'
./src/heap.c:321: CHECK:PREFER_KERNEL_TYPES: Prefer kernel type 's64' over 'int64_t'
./src/heap.c:323: CHECK:COMPARISON_TO_NULL: Comparison to NULL could be written "used_byte_node"
./src/heap.c:329: WARNING:BRACES: braces {} are not necessary for single statement blocks
./src/heap.c:339: WARNING:BRACES: braces {} are not necessary for single statement blocks
./src/heap.c:349: CHECK:PREFER_KERNEL_TYPES: Prefer kernel type 's64' over 'int64_t'
./src/heap.c:351: CHECK:COMPARISON_TO_NULL: Comparison to NULL could be written "pool_node"
./src/heap.c:354: CHECK:COMPARISON_TO_NULL: Comparison to NULL could be written "block_node"
./src/heap.c:363: CHECK:BRACES: Blank lines aren't necessary before a close brace '}'
./src/heap.c:370: CHECK:PREFER_KERNEL_TYPES: Prefer kernel type 's64' over 'int64_t'
./src/heap.c:372: CHECK:COMPARISON_TO_NULL: Comparison to NULL could be written "used_block_node"
./src/heap.c:389: WARNING:BRACES: braces {} are not necessary for single statement blocks
./src/heap.c:396: CHECK:LONG_LINE: line length of 81 exceeds 80 columns
./src/heap.c:403: CHECK:COMPARISON_TO_NULL: Comparison to NULL could be written "used_block_node"
./src/heap.c:411: WARNING:BRACES: braces {} are not necessary for single statement blocks
./src/heap.c:411: CHECK:COMPARISON_TO_NULL: Comparison to NULL could be written "!used_block_node"
./src/heap.c:420: CHECK:LONG_LINE: line length of 85 exceeds 80 columns
./src/heap.c:438: CHECK:PREFER_KERNEL_TYPES: Prefer kernel type 's64' over 'int64_t'
./src/heap.c:439: CHECK:PREFER_KERNEL_TYPES: Prefer kernel type 's64' over 'int64_t'
./src/heap.c:441: CHECK:COMPARISON_TO_NULL: Comparison to NULL could be written "used_block_node"
./src/heap.c:462: CHECK:PREFER_KERNEL_TYPES: Prefer kernel type 's64' over 'int64_t'
./src/heap.c:464: CHECK:PREFER_KERNEL_TYPES: Prefer kernel type 's64' over 'int64_t'
./src/heap.c:466: CHECK:COMPARISON_TO_NULL: Comparison to NULL could be written "byte_node"
./src/heap.c:481: CHECK:PREFER_KERNEL_TYPES: Prefer kernel type 's64' over 'int64_t'
./src/heap.c:483: CHECK:COMPARISON_TO_NULL: Comparison to NULL could be written "pool_node"
./src/heap.c:486: CHECK:COMPARISON_TO_NULL: Comparison to NULL could be written "block_node"
./src/heap.c:500: CHECK:COMPARISON_TO_NULL: Comparison to NULL could be written "pool_node"
./src/heap.c:507: CHECK:COMPARISON_TO_NULL: Comparison to NULL could be written "block_node"
./src/heap.c:528: CHECK:COMPARISON_TO_NULL: Comparison to NULL could be written "byte_node"
./src/linked_list.c:22: CHECK:BRACES: Blank lines aren't necessary before a close brace '}'
./src/linked_list.c:29: ERROR:POINTER_LOCATION: "foo*bar" should be "foo *bar"
./src/linked_list.c:29: ERROR:POINTER_LOCATION: "foo*bar" should be "foo *bar"
./src/linked_list.c:29: ERROR:OPEN_BRACE: open brace '{' following function definitions go on the next line
./src/linked_list.c:29: ERROR:SPACING: space required before the open brace '{'
./src/linked_list.c:44: CHECK:COMPARISON_TO_NULL: Comparison to NULL could be written "current_node"
./src/linked_list.c:46: CHECK:COMPARISON_TO_NULL: Comparison to NULL could be written "!current_node->prev"
./src/linked_list.c:63: CHECK:COMPARISON_TO_NULL: Comparison to NULL could be written "!current_node->next"
./src/linked_list.c:111: CHECK:PREFER_KERNEL_TYPES: Prefer kernel type 's64' over 'int64_t'
./src/linked_list.c:124: CHECK:BRACES: Blank lines aren't necessary before a close brace '}'
./src/linked_list.c:126: ERROR:OPEN_BRACE: open brace '{' following function definitions go on the next line
./src/linked_list.c:126: ERROR:SPACING: space required before the open brace '{'
./src/linked_list.c:128: CHECK:PREFER_KERNEL_TYPES: Prefer kernel type 's64' over 'int64_t'
./src/linked_list.c:130: CHECK:COMPARISON_TO_NULL: Comparison to NULL could be written "current_node"
./src/linked_list.c:131: WARNING:BRACES: braces {} are not necessary for single statement blocks
./src/linked_list.c:140: CHECK:BRACES: Blank lines aren't necessary before a close brace '}'
./src/linked_list.c:142: ERROR:OPEN_BRACE: open brace '{' following function definitions go on the next line
./src/linked_list.c:142: ERROR:SPACING: space required before the open brace '{'
./src/linked_list.c:146: CHECK:PREFER_KERNEL_TYPES: Prefer kernel type 's64' over 'int64_t'
./src/linked_list.c:155: CHECK:BRACES: Blank lines aren't necessary before a close brace '}'
./src/linked_list.c:157: ERROR:OPEN_BRACE: open brace '{' following function definitions go on the next line
./src/linked_list.c:157: ERROR:SPACING: space required before the open brace '{'
./src/linked_list.c:158: CHECK:PREFER_KERNEL_TYPES: Prefer kernel type 's64' over 'int64_t'
./src/linked_list.c:162: ERROR:OPEN_BRACE: open brace '{' following function definitions go on the next line
./src/linked_list.c:162: ERROR:SPACING: space required before the open brace '{'
./src/linked_list.c:166: CHECK:PREFER_KERNEL_TYPES: Prefer kernel type 's64' over 'int64_t'
./src/linked_list.c:173: WARNING:BRACES: braces {} are not necessary for any arm of this statement
./src/linked_list.c:173: CHECK:COMPARISON_TO_NULL: Comparison to NULL could be written "!current_node->prev"
./src/linked_list.c:179: WARNING:BRACES: braces {} are not necessary for any arm of this statement
./src/linked_list.c:179: CHECK:COMPARISON_TO_NULL: Comparison to NULL could be written "!current_node->next"
./src/linked_list.c:188: WARNING:MISSING_EOF_NEWLINE: adding a line without newline at end of file
./src/main.c:12: ERROR:FUNCTION_WITHOUT_ARGS: Bad function definition - int main() should probably be int main(void)
./src/main.c:19: WARNING:BRACES: braces {} are not necessary for single statement blocks
./src/main.c:19: CHECK:COMPARISON_TO_NULL: Comparison to NULL could be written "!command"
./src/main.c:23: WARNING:BRACES: braces {} are not necessary for single statement blocks
./src/state_manager.c:24: ERROR:INITIALISED_STATIC: do not initialise statics to NULL
./src/state_manager.c:26: WARNING:BRACES: braces {} are not necessary for single statement blocks
./src/state_manager.c:26: CHECK:COMPARISON_TO_NULL: Comparison to NULL could be written "!heap"
./src/state_manager.c:30: CHECK:LONG_LINE: line length of 89 exceeds 80 columns
./src/state_manager.c:49: WARNING:BRACES: braces {} are not necessary for single statement blocks
./src/state_manager.c:57: CHECK:PREFER_KERNEL_TYPES: Prefer kernel type 's64' over 'int64_t'
./src/state_manager.c:59: CHECK:PREFER_KERNEL_TYPES: Prefer kernel type 's64' over 'int64_t'
./src/state_manager.c:60: CHECK:PREFER_KERNEL_TYPES: Prefer kernel type 's64' over 'int64_t'
./src/state_manager.c:61: CHECK:PREFER_KERNEL_TYPES: Prefer kernel type 's64' over 'int64_t'
./src/state_manager.c:62: CHECK:PREFER_KERNEL_TYPES: Prefer kernel type 's64' over 'int64_t'
./src/state_manager.c:66: CHECK:LONG_LINE: line length of 94 exceeds 80 columns
./src/state_manager.c:71: CHECK:PREFER_KERNEL_TYPES: Prefer kernel type 's64' over 'int64_t'
./src/state_manager.c:73: CHECK:PREFER_KERNEL_TYPES: Prefer kernel type 's64' over 'int64_t'
./src/state_manager.c:74: CHECK:PREFER_KERNEL_TYPES: Prefer kernel type 's64' over 'int64_t'
./src/state_manager.c:76: CHECK:LONG_LINE_COMMENT: line length of 101 exceeds 80 columns
./src/state_manager.c:86: CHECK:PREFER_KERNEL_TYPES: Prefer kernel type 's64' over 'int64_t'
./src/state_manager.c:92: CHECK:PREFER_KERNEL_TYPES: Prefer kernel type 's64' over 'int64_t'
./src/state_manager.c:94: CHECK:PREFER_KERNEL_TYPES: Prefer kernel type 's64' over 'int64_t'
./src/state_manager.c:98: WARNING:BRACES: braces {} are not necessary for single statement blocks
./src/state_manager.c:105: CHECK:PREFER_KERNEL_TYPES: Prefer kernel type 's64' over 'int64_t'
./src/state_manager.c:107: CHECK:PREFER_KERNEL_TYPES: Prefer kernel type 's64' over 'int64_t'
./src/state_manager.c:109: CHECK:PREFER_KERNEL_TYPES: Prefer kernel type 's64' over 'int64_t'
./src/state_manager.c:116: WARNING:BRACES: braces {} are not necessary for single statement blocks
./src/state_manager.c:124: WARNING:BRACES: braces {} are not necessary for single statement blocks
./src/state_manager.c:131: CHECK:PREFER_KERNEL_TYPES: Prefer kernel type 's64' over 'int64_t'
./src/state_manager.c:133: CHECK:PREFER_KERNEL_TYPES: Prefer kernel type 's64' over 'int64_t'
./src/state_manager.c:134: CHECK:PREFER_KERNEL_TYPES: Prefer kernel type 's64' over 'int64_t'
./src/state_manager.c:138: WARNING:BRACES: braces {} are not necessary for any arm of this statement
./src/state_manager.c:147: CHECK:PREFER_KERNEL_TYPES: Prefer kernel type 's64' over 'int64_t'
./src/state_manager.c:150: WARNING:USE_NEGATIVE_ERRNO: return of an errno should typically be negative (ie: return -EXIT)
./src/state_manager.c:151: WARNING:MISSING_EOF_NEWLINE: adding a line without newline at end of file
./src/utils.c:24: CHECK:LONG_LINE_COMMENT: line length of 125 exceeds 80 columns
./src/utils.c:41: CHECK:PREFER_KERNEL_TYPES: Prefer kernel type 's64' over 'int64_t'
./src/utils.c:43: WARNING:BRACES: braces {} are not necessary for single statement blocks
./src/utils.c:47: WARNING:BRACES: braces {} are not necessary for single statement blocks
./src/utils.c:54: CHECK:LINE_SPACING: Please don't use multiple blank lines

----- running check_style - grade 0/10

+++++ running check_readme (10p) ...
'README or README.md' is missing!
----- running check_readme - grade 0/10

+++++ make_clean ...
----- make_clean

			Final grade: 12
TOTAL: 12/100


Total execution time: 0:00:56.095450
